Starting image batch provider for ../../Datasets/CelebA/img_align_celeba - 23416/5854 (train/test) images.
@Running MFA Teaining. Output folder is ./restuls/celeba_mfa_10c_10l
Initial guess...
init_std [6.98466565e-05 6.79919445e-05 6.99728112e-05 ... 4.65365272e-01
 5.17270204e-01 4.77928027e-01]
type =  <class 'int'>
Collecting an initial sample of 10000 samples...
Performing k-means clustering to 10 components of 10000 samples in dimension 1048/8389 ...
K-means took: 12.474618911743164 sec
Estimating Factor Analyzer parameters for each cluster
..........
Starting Mixture of Factor Analyzers ML SGD Training (10000 iterations)...
[saving model][visualizing].xxxxxxxxxx
Iteration 0: LL = 15167.83203125, Test LL = 15159.49189453125, Mean noise std = 0.13247111439704895
....................................................................................................xxxxxxxxxx
Iteration 100: LL = 15170.611328125, Test LL = 15171.50234375, Mean noise std = 0.13213606178760529
....................................................................................................xxxxxxxxxx
Iteration 200: LL = 15175.451171875, Test LL = 15196.690625, Mean noise std = 0.13189677894115448
....................................................................................................xxxxxxxxxx
Iteration 300: LL = 15218.068359375, Test LL = 15220.94482421875, Mean noise std = 0.131724014878273
....................................................................................................xxxxxxxxxx
Iteration 400: LL = 15223.44140625, Test LL = 15248.87275390625, Mean noise std = 0.13162663578987122
...................................................................................................[saving model][visualizing].xxxxxxxxxx
Iteration 500: LL = 15222.630859375, Test LL = 15266.776953125, Mean noise std = 0.1315724104642868
....................................................................................................xxxxxxxxxx
Iteration 600: LL = 15298.46875, Test LL = 15281.138671875, Mean noise std = 0.13158977031707764
....................................................................................................xxxxxxxxxx
Iteration 700: LL = 15284.162109375, Test LL = 15296.7349609375, Mean noise std = 0.13159173727035522
....................................................................................................xxxxxxxxxx
Iteration 800: LL = 15304.4453125, Test LL = 15304.0642578125, Mean noise std = 0.13158062100410461
....................................................................................................xxxxxxxxxx
Iteration 900: LL = 15313.2529296875, Test LL = 15317.448046875, Mean noise std = 0.1315404176712036
...................................................................................................[saving model][visualizing].xxxxxxxxxx
Iteration 1000: LL = 15333.15234375, Test LL = 15324.9345703125, Mean noise std = 0.13151276111602783
....................................................................................................xxxxxxxxxx
Iteration 1100: LL = 15318.0390625, Test LL = 15331.67021484375, Mean noise std = 0.13148005306720734
....................................................................................................xxxxxxxxxx
Iteration 1200: LL = 15331.33984375, Test LL = 15335.9373046875, Mean noise std = 0.13143010437488556
....................................................................................................xxxxxxxxxx
Iteration 1300: LL = 15299.9326171875, Test LL = 15340.85185546875, Mean noise std = 0.131405308842659
....................................................................................................xxxxxxxxxx
Iteration 1400: LL = 15374.318359375, Test LL = 15350.38671875, Mean noise std = 0.131348118185997
...................................................................................................[saving model][visualizing].xxxxxxxxxx
Iteration 1500: LL = 15366.94140625, Test LL = 15352.70009765625, Mean noise std = 0.1312754601240158
....................................................................................................xxxxxxxxxx
Iteration 1600: LL = 15391.869140625, Test LL = 15358.21318359375, Mean noise std = 0.13123708963394165
....................................................................................................xxxxxxxxxx
Iteration 1700: LL = 15375.2880859375, Test LL = 15362.6443359375, Mean noise std = 0.13116790354251862
....................................................................................................xxxxxxxxxx
Iteration 1800: LL = 15379.0546875, Test LL = 15369.40380859375, Mean noise std = 0.13108044862747192
....................................................................................................xxxxxxxxxx
Iteration 1900: LL = 15360.958984375, Test LL = 15372.5544921875, Mean noise std = 0.13098962604999542
...................................................................................................[saving model][visualizing].xxxxxxxxxx
Iteration 2000: LL = 15389.6171875, Test LL = 15376.77216796875, Mean noise std = 0.13090410828590393
....................................................................................................xxxxxxxxxx
Iteration 2100: LL = 15327.9716796875, Test LL = 15378.68740234375, Mean noise std = 0.13081182539463043
....................................................................................................xxxxxxxxxx
Iteration 2200: LL = 15368.748046875, Test LL = 15380.292578125, Mean noise std = 0.13072146475315094
....................................................................................................xxxxxxxxxx
Iteration 2300: LL = 15353.234375, Test LL = 15381.67109375, Mean noise std = 0.130645751953125
....................................................................................................xxxxxxxxxx
Iteration 2400: LL = 15428.30078125, Test LL = 15385.323046875, Mean noise std = 0.1306018829345703
...................................................................................................[saving model][visualizing].xxxxxxxxxx
Iteration 2500: LL = 15365.234375, Test LL = 15389.42392578125, Mean noise std = 0.1305234581232071
....................................................................................................xxxxxxxxxx
Iteration 2600: LL = 15426.2978515625, Test LL = 15389.7044921875, Mean noise std = 0.13044077157974243
....................................................................................................xxxxxxxxxx
Iteration 2700: LL = 15360.638671875, Test LL = 15394.2095703125, Mean noise std = 0.13035647571086884
....................................................................................................xxxxxxxxxx
Iteration 2800: LL = 15380.05078125, Test LL = 15395.13515625, Mean noise std = 0.13028089702129364
....................................................................................................xxxxxxxxxx
Iteration 2900: LL = 15469.62109375, Test LL = 15395.00712890625, Mean noise std = 0.13019664585590363
...................................................................................................[saving model][visualizing].xxxxxxxxxx
Iteration 3000: LL = 15385.296875, Test LL = 15399.26572265625, Mean noise std = 0.130124032497406
....................................................................................................xxxxxxxxxx
Iteration 3100: LL = 15391.0517578125, Test LL = 15395.90244140625, Mean noise std = 0.1300756186246872
....................................................................................................xxxxxxxxxx
Iteration 3200: LL = 15407.9755859375, Test LL = 15401.51015625, Mean noise std = 0.1300208866596222
....................................................................................................xxxxxxxxxx
Iteration 3300: LL = 15405.447265625, Test LL = 15405.7181640625, Mean noise std = 0.12995406985282898
....................................................................................................xxxxxxxxxx
Iteration 3400: LL = 15375.77734375, Test LL = 15406.89111328125, Mean noise std = 0.12987041473388672
...................................................................................................[saving model][visualizing].xxxxxxxxxx
Iteration 3500: LL = 15381.48046875, Test LL = 15405.88876953125, Mean noise std = 0.12980249524116516
....................................................................................................xxxxxxxxxx
Iteration 3600: LL = 15408.6494140625, Test LL = 15409.480078125, Mean noise std = 0.12974455952644348
....................................................................................................xxxxxxxxxx
Iteration 3700: LL = 15454.3837890625, Test LL = 15408.3283203125, Mean noise std = 0.1296808272600174
....................................................................................................xxxxxxxxxx
Iteration 3800: LL = 15485.3583984375, Test LL = 15407.79521484375, Mean noise std = 0.12961435317993164
....................................................................................................xxxxxxxxxx
Iteration 3900: LL = 15442.203125, Test LL = 15409.55947265625, Mean noise std = 0.12956126034259796
...................................................................................................[saving model][visualizing].xxxxxxxxxx
Iteration 4000: LL = 15434.63671875, Test LL = 15408.9599609375, Mean noise std = 0.1295238435268402
....................................................................................................xxxxxxxxxx
Iteration 4100: LL = 15398.2353515625, Test LL = 15411.8458984375, Mean noise std = 0.12947335839271545
....................................................................................................xxxxxxxxxx
Iteration 4200: LL = 15418.875, Test LL = 15414.7572265625, Mean noise std = 0.1294146478176117
....................................................................................................xxxxxxxxxx
Iteration 4300: LL = 15430.2060546875, Test LL = 15417.12412109375, Mean noise std = 0.12935614585876465
....................................................................................................xxxxxxxxxx
Iteration 4400: LL = 15381.26953125, Test LL = 15415.7873046875, Mean noise std = 0.1292877197265625
...................................................................................................[saving model][visualizing].xxxxxxxxxx
Iteration 4500: LL = 15418.19140625, Test LL = 15416.159375, Mean noise std = 0.12925179302692413
....................................................................................................xxxxxxxxxx
Iteration 4600: LL = 15391.2578125, Test LL = 15415.8603515625, Mean noise std = 0.1292009949684143
....................................................................................................xxxxxxxxxx
Iteration 4700: LL = 15445.5185546875, Test LL = 15419.30458984375, Mean noise std = 0.1291380375623703
....................................................................................................xxxxxxxxxx
Iteration 4800: LL = 15446.044921875, Test LL = 15419.87275390625, Mean noise std = 0.129069522023201
....................................................................................................xxxxxxxxxx
Iteration 4900: LL = 15371.541015625, Test LL = 15418.64638671875, Mean noise std = 0.1290244162082672
...................................................................................................[saving model][visualizing].xxxxxxxxxx
Iteration 5000: LL = 15371.4609375, Test LL = 15419.1306640625, Mean noise std = 0.12897609174251556
....................................................................................................xxxxxxxxxx
Iteration 5100: LL = 15422.95703125, Test LL = 15423.35859375, Mean noise std = 0.12893067300319672
....................................................................................................xxxxxxxxxx
Iteration 5200: LL = 15445.6787109375, Test LL = 15422.34560546875, Mean noise std = 0.128860741853714
....................................................................................................xxxxxxxxxx
Iteration 5300: LL = 15455.376953125, Test LL = 15420.88779296875, Mean noise std = 0.12879902124404907
....................................................................................................xxxxxxxxxx
Iteration 5400: LL = 15407.580078125, Test LL = 15423.09169921875, Mean noise std = 0.12874330580234528
...................................................................................................[saving model][visualizing].xxxxxxxxxx
Iteration 5500: LL = 15348.927734375, Test LL = 15424.36640625, Mean noise std = 0.12867221236228943
....................................................................................................xxxxxxxxxx
Iteration 5600: LL = 15462.162109375, Test LL = 15424.40859375, Mean noise std = 0.1286173015832901
....................................................................................................xxxxxxxxxx
Iteration 5700: LL = 15435.6455078125, Test LL = 15425.1626953125, Mean noise std = 0.12855742871761322
....................................................................................................xxxxxxxxxx
Iteration 5800: LL = 15465.85546875, Test LL = 15425.625, Mean noise std = 0.12848517298698425
....................................................................................................xxxxxxxxxx
Iteration 5900: LL = 15477.328125, Test LL = 15426.3072265625, Mean noise std = 0.12843099236488342
...................................................................................................[saving model][visualizing].xxxxxxxxxx
Iteration 6000: LL = 15416.5712890625, Test LL = 15426.59375, Mean noise std = 0.12836451828479767
....................................................................................................xxxxxxxxxx
Iteration 6100: LL = 15434.619140625, Test LL = 15427.12431640625, Mean noise std = 0.12829378247261047
....................................................................................................xxxxxxxxxx
Iteration 6200: LL = 15449.1318359375, Test LL = 15425.38515625, Mean noise std = 0.12824231386184692
....................................................................................................xxxxxxxxxx
Iteration 6300: LL = 15405.1904296875, Test LL = 15427.590625, Mean noise std = 0.12818194925785065
....................................................................................................xxxxxxxxxx
Iteration 6400: LL = 15479.189453125, Test LL = 15427.953125, Mean noise std = 0.1281212568283081
...................................................................................................[saving model][visualizing].xxxxxxxxxx
Iteration 6500: LL = 15488.6494140625, Test LL = 15426.41943359375, Mean noise std = 0.1280793845653534
....................................................................................................xxxxxxxxxx
Iteration 6600: LL = 15409.50390625, Test LL = 15427.90302734375, Mean noise std = 0.12804080545902252
....................................................................................................xxxxxxxxxx
Iteration 6700: LL = 15436.439453125, Test LL = 15428.6765625, Mean noise std = 0.12799400091171265
....................................................................................................xxxxxxxxxx
Iteration 6800: LL = 15416.7421875, Test LL = 15428.98076171875, Mean noise std = 0.12794770300388336
....................................................................................................xxxxxxxxxx
Iteration 6900: LL = 15451.396484375, Test LL = 15428.05732421875, Mean noise std = 0.12790270149707794
...................................................................................................[saving model][visualizing].xxxxxxxxxx
Iteration 7000: LL = 15428.046875, Test LL = 15428.9666015625, Mean noise std = 0.1278458535671234
....................................................................................................xxxxxxxxxx
Iteration 7100: LL = 15426.044921875, Test LL = 15429.51806640625, Mean noise std = 0.12779296934604645
....................................................................................................xxxxxxxxxx
Iteration 7200: LL = 15395.8994140625, Test LL = 15429.5166015625, Mean noise std = 0.12773896753787994
....................................................................................................xxxxxxxxxx
Iteration 7300: LL = 15464.162109375, Test LL = 15430.50166015625, Mean noise std = 0.1276818960905075
....................................................................................................xxxxxxxxxx
Iteration 7400: LL = 15429.029296875, Test LL = 15431.06962890625, Mean noise std = 0.1276298463344574
...................................................................................................[saving model][visualizing].xxxxxxxxxx
Iteration 7500: LL = 15447.771484375, Test LL = 15430.8173828125, Mean noise std = 0.1275729537010193
....................................................................................................xxxxxxxxxx
Iteration 7600: LL = 15474.146484375, Test LL = 15430.75087890625, Mean noise std = 0.12751229107379913
....................................................................................................xxxxxxxxxx
Iteration 7700: LL = 15479.7001953125, Test LL = 15431.1099609375, Mean noise std = 0.12744496762752533
....................................................................................................xxxxxxxxxx
Iteration 7800: LL = 15474.3818359375, Test LL = 15432.4359375, Mean noise std = 0.1273980736732483
....................................................................................................xxxxxxxxxx
Iteration 7900: LL = 15471.845703125, Test LL = 15431.8623046875, Mean noise std = 0.12732715904712677
...................................................................................................[saving model][visualizing].xxxxxxxxxx
Iteration 8000: LL = 15445.5078125, Test LL = 15432.48076171875, Mean noise std = 0.12727321684360504
....................................................................................................xxxxxxxxxx
Iteration 8100: LL = 15420.96875, Test LL = 15432.05263671875, Mean noise std = 0.12721459567546844
....................................................................................................xxxxxxxxxx
Iteration 8200: LL = 15450.404296875, Test LL = 15434.11884765625, Mean noise std = 0.12715493142604828
....................................................................................................xxxxxxxxxx
Iteration 8300: LL = 15448.451171875, Test LL = 15433.55166015625, Mean noise std = 0.1270962804555893
....................................................................................................xxxxxxxxxx
Iteration 8400: LL = 15442.5400390625, Test LL = 15435.233984375, Mean noise std = 0.12702582776546478
...................................................................................................[saving model][visualizing].xxxxxxxxxx
Iteration 8500: LL = 15455.619140625, Test LL = 15435.715625, Mean noise std = 0.12696078419685364
....................................................................................................xxxxxxxxxx
Iteration 8600: LL = 15434.232421875, Test LL = 15436.66201171875, Mean noise std = 0.12688203155994415
....................................................................................................xxxxxxxxxx
Iteration 8700: LL = 15365.5078125, Test LL = 15437.29951171875, Mean noise std = 0.1268179565668106
....................................................................................................xxxxxxxxxx
Iteration 8800: LL = 15411.041015625, Test LL = 15437.7529296875, Mean noise std = 0.1267654001712799
....................................................................................................xxxxxxxxxx
Iteration 8900: LL = 15426.646484375, Test LL = 15437.71220703125, Mean noise std = 0.1267109215259552
...................................................................................................[saving model][visualizing].xxxxxxxxxx
Iteration 9000: LL = 15460.0166015625, Test LL = 15439.26533203125, Mean noise std = 0.1266491413116455
....................................................................................................xxxxxxxxxx
Iteration 9100: LL = 15397.6328125, Test LL = 15439.20458984375, Mean noise std = 0.12658672034740448
....................................................................................................xxxxxxxxxx
Iteration 9200: LL = 15460.4296875, Test LL = 15440.03974609375, Mean noise std = 0.12652486562728882
....................................................................................................xxxxxxxxxx
Iteration 9300: LL = 15460.080078125, Test LL = 15440.7775390625, Mean noise std = 0.12646710872650146
....................................................................................................xxxxxxxxxx
Iteration 9400: LL = 15422.033203125, Test LL = 15441.773046875, Mean noise std = 0.12641368806362152
...................................................................................................[saving model][visualizing].xxxxxxxxxx
Iteration 9500: LL = 15465.796875, Test LL = 15442.1396484375, Mean noise std = 0.12636542320251465
....................................................................................................xxxxxxxxxx
Iteration 9600: LL = 15491.6328125, Test LL = 15442.954296875, Mean noise std = 0.12631799280643463
....................................................................................................xxxxxxxxxx
Iteration 9700: LL = 15482.876953125, Test LL = 15444.2388671875, Mean noise std = 0.12626706063747406
....................................................................................................xxxxxxxxxx
Iteration 9800: LL = 15439.91015625, Test LL = 15443.4990234375, Mean noise std = 0.1262308657169342
....................................................................................................xxxxxxxxxx
Iteration 9900: LL = 15459.2353515625, Test LL = 15444.79755859375, Mean noise std = 0.12618404626846313
..................................................................................................[saving model][visualizing].MFA Training ended.
Done
