Starting image batch provider for ../../Datasets/CelebA/img_align_celeba - 23416/5854 (train/test) images.
@Running MFA Teaining. Output folder is ./results_concatenated/celeba_mfa_2c_10l
Initial guess...
init_std [6.98466565e-05 6.79919445e-05 6.99728112e-05 ... 4.65365272e-01
 5.17270204e-01 4.77928027e-01]
type =  <class 'int'>
Collecting an initial sample of 10000 samples...
Performing k-means clustering to 2 components of 10000 samples in dimension 1048/8389 ...
K-means took: 3.7196245193481445 sec
Estimating Factor Analyzer parameters for each cluster
..
Starting Mixture of Factor Analyzers ML SGD Training (10000 iterations)...
[saving model][visualizing].xxxxxxxxxx
Iteration 0: LL = 15165.4619140625, Test LL = 15068.91259765625, Mean noise std = 0.1317395567893982
....................................................................................................xxxxxxxxxx
Iteration 100: LL = 15103.140625, Test LL = 15120.1916015625, Mean noise std = 0.1310562938451767
....................................................................................................xxxxxxxxxx
Iteration 200: LL = 15318.4169921875, Test LL = 15167.38935546875, Mean noise std = 0.13007178902626038
....................................................................................................xxxxxxxxxx
Iteration 300: LL = 15241.603515625, Test LL = 15201.917578125, Mean noise std = 0.12892675399780273
....................................................................................................xxxxxxxxxx
Iteration 400: LL = 15259.677734375, Test LL = 15230.43330078125, Mean noise std = 0.12773175537586212
...................................................................................................[saving model][visualizing].xxxxxxxxxx
Iteration 500: LL = 15335.49609375, Test LL = 15254.65654296875, Mean noise std = 0.12658445537090302
....................................................................................................xxxxxxxxxx
Iteration 600: LL = 15295.171875, Test LL = 15272.375, Mean noise std = 0.12545089423656464
....................................................................................................xxxxxxxxxx
Iteration 700: LL = 15275.224609375, Test LL = 15285.43974609375, Mean noise std = 0.1244426891207695
....................................................................................................xxxxxxxxxx
Iteration 800: LL = 15361.2255859375, Test LL = 15297.4802734375, Mean noise std = 0.12346101552248001
....................................................................................................xxxxxxxxxx
Iteration 900: LL = 15307.498046875, Test LL = 15306.14853515625, Mean noise std = 0.12255433201789856
...................................................................................................[saving model][visualizing].xxxxxxxxxx
Iteration 1000: LL = 15364.5166015625, Test LL = 15312.45517578125, Mean noise std = 0.12170710414648056
....................................................................................................xxxxxxxxxx
Iteration 1100: LL = 15311.296875, Test LL = 15318.70341796875, Mean noise std = 0.12097980827093124
....................................................................................................xxxxxxxxxx
Iteration 1200: LL = 15323.7294921875, Test LL = 15322.81474609375, Mean noise std = 0.12030474096536636
....................................................................................................xxxxxxxxxx
Iteration 1300: LL = 15351.08984375, Test LL = 15327.37373046875, Mean noise std = 0.11970680207014084
....................................................................................................xxxxxxxxxx
Iteration 1400: LL = 15341.431640625, Test LL = 15330.20322265625, Mean noise std = 0.11914028972387314
...................................................................................................[saving model][visualizing].xxxxxxxxxx
Iteration 1500: LL = 15340.4169921875, Test LL = 15333.76259765625, Mean noise std = 0.11863114684820175
....................................................................................................xxxxxxxxxx
Iteration 1600: LL = 15403.8447265625, Test LL = 15336.3806640625, Mean noise std = 0.11822593212127686
....................................................................................................xxxxxxxxxx
Iteration 1700: LL = 15363.806640625, Test LL = 15337.76376953125, Mean noise std = 0.11790522187948227
....................................................................................................xxxxxxxxxx
Iteration 1800: LL = 15382.509765625, Test LL = 15339.54033203125, Mean noise std = 0.11758102476596832
....................................................................................................xxxxxxxxxx
Iteration 1900: LL = 15386.34765625, Test LL = 15341.87666015625, Mean noise std = 0.11733429878950119
...................................................................................................[saving model][visualizing].xxxxxxxxxx
Iteration 2000: LL = 15356.890625, Test LL = 15343.28447265625, Mean noise std = 0.11703141033649445
....................................................................................................xxxxxxxxxx
Iteration 2100: LL = 15369.330078125, Test LL = 15345.46533203125, Mean noise std = 0.11683204025030136
....................................................................................................xxxxxxxxxx
Iteration 2200: LL = 15410.142578125, Test LL = 15346.48916015625, Mean noise std = 0.11662300676107407
....................................................................................................xxxxxxxxxx
Iteration 2300: LL = 15319.54296875, Test LL = 15347.94013671875, Mean noise std = 0.11643470823764801
....................................................................................................xxxxxxxxxx
Iteration 2400: LL = 15390.724609375, Test LL = 15349.94921875, Mean noise std = 0.11628437787294388
...................................................................................................[saving model][visualizing].xxxxxxxxxx
Iteration 2500: LL = 15422.591796875, Test LL = 15351.04755859375, Mean noise std = 0.11609789729118347
....................................................................................................xxxxxxxxxx
Iteration 2600: LL = 15378.7412109375, Test LL = 15350.60009765625, Mean noise std = 0.11600557714700699
....................................................................................................xxxxxxxxxx
Iteration 2700: LL = 15349.4375, Test LL = 15353.508984375, Mean noise std = 0.11592841893434525
....................................................................................................xxxxxxxxxx
Iteration 2800: LL = 15411.2880859375, Test LL = 15353.07490234375, Mean noise std = 0.11584684997797012
....................................................................................................xxxxxxxxxx
Iteration 2900: LL = 15333.109375, Test LL = 15355.54599609375, Mean noise std = 0.11579330265522003
...................................................................................................[saving model][visualizing].xxxxxxxxxx
Iteration 3000: LL = 15352.736328125, Test LL = 15355.30908203125, Mean noise std = 0.1156993880867958
....................................................................................................xxxxxxxxxx
Iteration 3100: LL = 15436.1123046875, Test LL = 15357.15595703125, Mean noise std = 0.11566146463155746
....................................................................................................xxxxxxxxxx
Iteration 3200: LL = 15317.8427734375, Test LL = 15358.3029296875, Mean noise std = 0.11558032035827637
....................................................................................................xxxxxxxxxx
Iteration 3300: LL = 15454.046875, Test LL = 15358.61533203125, Mean noise std = 0.11554025113582611
....................................................................................................xxxxxxxxxx
Iteration 3400: LL = 15306.6640625, Test LL = 15359.86572265625, Mean noise std = 0.1154877096414566
...................................................................................................[saving model][visualizing].xxxxxxxxxx
Iteration 3500: LL = 15348.3515625, Test LL = 15360.32822265625, Mean noise std = 0.11550822854042053
....................................................................................................xxxxxxxxxx
Iteration 3600: LL = 15441.158203125, Test LL = 15360.5287109375, Mean noise std = 0.11548268795013428
....................................................................................................xxxxxxxxxx
Iteration 3700: LL = 15343.626953125, Test LL = 15360.7853515625, Mean noise std = 0.11545714735984802
....................................................................................................xxxxxxxxxx
Iteration 3800: LL = 15417.75, Test LL = 15362.1580078125, Mean noise std = 0.11545998603105545
....................................................................................................xxxxxxxxxx
Iteration 3900: LL = 15426.9560546875, Test LL = 15362.12138671875, Mean noise std = 0.11543327569961548
...................................................................................................[saving model][visualizing].xxxxxxxxxx
Iteration 4000: LL = 15408.986328125, Test LL = 15363.0171875, Mean noise std = 0.11542470008134842
....................................................................................................xxxxxxxxxx
Iteration 4100: LL = 15346.740234375, Test LL = 15363.6134765625, Mean noise std = 0.11542517691850662
....................................................................................................xxxxxxxxxx
Iteration 4200: LL = 15314.6796875, Test LL = 15364.6923828125, Mean noise std = 0.11542896926403046
....................................................................................................xxxxxxxxxx
Iteration 4300: LL = 15306.0029296875, Test LL = 15364.18076171875, Mean noise std = 0.11543257534503937
....................................................................................................xxxxxxxxxx
Iteration 4400: LL = 15425.8232421875, Test LL = 15364.46337890625, Mean noise std = 0.11543533951044083
...................................................................................................[saving model][visualizing].xxxxxxxxxx
Iteration 4500: LL = 15411.859375, Test LL = 15364.5322265625, Mean noise std = 0.11540353298187256
....................................................................................................xxxxxxxxxx
Iteration 4600: LL = 15326.8544921875, Test LL = 15365.89208984375, Mean noise std = 0.11543867737054825
....................................................................................................xxxxxxxxxx
Iteration 4700: LL = 15403.01171875, Test LL = 15365.06943359375, Mean noise std = 0.11548398435115814
....................................................................................................xxxxxxxxxx
Iteration 4800: LL = 15303.154296875, Test LL = 15366.1080078125, Mean noise std = 0.11550281941890717
....................................................................................................xxxxxxxxxx
Iteration 4900: LL = 15362.244140625, Test LL = 15366.02177734375, Mean noise std = 0.11551429331302643
...................................................................................................[saving model][visualizing].xxxxxxxxxx
Iteration 5000: LL = 15396.962890625, Test LL = 15365.8349609375, Mean noise std = 0.1155279353260994
....................................................................................................xxxxxxxxxx
Iteration 5100: LL = 15388.314453125, Test LL = 15366.63525390625, Mean noise std = 0.11552233248949051
....................................................................................................xxxxxxxxxx
Iteration 5200: LL = 15389.9091796875, Test LL = 15367.18349609375, Mean noise std = 0.11548027396202087
....................................................................................................xxxxxxxxxx
Iteration 5300: LL = 15362.0302734375, Test LL = 15367.20751953125, Mean noise std = 0.11542756110429764
....................................................................................................xxxxxxxxxx
Iteration 5400: LL = 15458.798828125, Test LL = 15367.76240234375, Mean noise std = 0.11540548503398895
...................................................................................................[saving model][visualizing].xxxxxxxxxx
Iteration 5500: LL = 15453.4482421875, Test LL = 15366.62490234375, Mean noise std = 0.11541496962308884
....................................................................................................xxxxxxxxxx
Iteration 5600: LL = 15311.2880859375, Test LL = 15368.40400390625, Mean noise std = 0.11543630063533783
....................................................................................................xxxxxxxxxx
Iteration 5700: LL = 15371.734375, Test LL = 15369.00556640625, Mean noise std = 0.1154409870505333
....................................................................................................xxxxxxxxxx
Iteration 5800: LL = 15439.0625, Test LL = 15369.0486328125, Mean noise std = 0.11543545126914978
....................................................................................................xxxxxxxxxx
Iteration 5900: LL = 15414.9609375, Test LL = 15369.10849609375, Mean noise std = 0.11545834690332413
...................................................................................................[saving model][visualizing].xxxxxxxxxx
Iteration 6000: LL = 15392.19140625, Test LL = 15368.16806640625, Mean noise std = 0.11549162119626999
....................................................................................................xxxxxxxxxx
Iteration 6100: LL = 15437.46875, Test LL = 15368.04794921875, Mean noise std = 0.11545860767364502
....................................................................................................xxxxxxxxxx
Iteration 6200: LL = 15452.21875, Test LL = 15369.70439453125, Mean noise std = 0.11547870934009552
....................................................................................................xxxxxxxxxx
Iteration 6300: LL = 15385.2431640625, Test LL = 15369.5134765625, Mean noise std = 0.11551088094711304
....................................................................................................xxxxxxxxxx
Iteration 6400: LL = 15389.056640625, Test LL = 15370.22607421875, Mean noise std = 0.11551336944103241
...................................................................................................[saving model][visualizing].xxxxxxxxxx
Iteration 6500: LL = 15389.0390625, Test LL = 15369.4896484375, Mean noise std = 0.11551502346992493
....................................................................................................xxxxxxxxxx
Iteration 6600: LL = 15391.7333984375, Test LL = 15370.3087890625, Mean noise std = 0.11551866680383682
....................................................................................................xxxxxxxxxx
Iteration 6700: LL = 15407.109375, Test LL = 15369.79072265625, Mean noise std = 0.11550672352313995
....................................................................................................xxxxxxxxxx
Iteration 6800: LL = 15340.275390625, Test LL = 15370.29384765625, Mean noise std = 0.11547596007585526
....................................................................................................xxxxxxxxxx
Iteration 6900: LL = 15408.068359375, Test LL = 15370.3251953125, Mean noise std = 0.1154400110244751
...................................................................................................[saving model][visualizing].xxxxxxxxxx
Iteration 7000: LL = 15424.4453125, Test LL = 15370.6412109375, Mean noise std = 0.11543438583612442
....................................................................................................xxxxxxxxxx
Iteration 7100: LL = 15457.611328125, Test LL = 15370.870703125, Mean noise std = 0.11545073240995407
....................................................................................................xxxxxxxxxx
Iteration 7200: LL = 15364.859375, Test LL = 15371.0919921875, Mean noise std = 0.11543959379196167
....................................................................................................xxxxxxxxxx
Iteration 7300: LL = 15455.080078125, Test LL = 15370.671875, Mean noise std = 0.11547883599996567
....................................................................................................xxxxxxxxxx
Iteration 7400: LL = 15447.2734375, Test LL = 15371.42353515625, Mean noise std = 0.115463986992836
...................................................................................................[saving model][visualizing].xxxxxxxxxx
Iteration 7500: LL = 15381.013671875, Test LL = 15371.825390625, Mean noise std = 0.11547966301441193
....................................................................................................xxxxxxxxxx
Iteration 7600: LL = 15406.876953125, Test LL = 15371.5650390625, Mean noise std = 0.11547423899173737
....................................................................................................xxxxxxxxxx
Iteration 7700: LL = 15480.953125, Test LL = 15371.50029296875, Mean noise std = 0.11543770134449005
....................................................................................................xxxxxxxxxx
Iteration 7800: LL = 15440.9365234375, Test LL = 15371.12275390625, Mean noise std = 0.11543172597885132
....................................................................................................xxxxxxxxxx
Iteration 7900: LL = 15298.41015625, Test LL = 15371.772265625, Mean noise std = 0.11542028188705444
...................................................................................................[saving model][visualizing].xxxxxxxxxx
Iteration 8000: LL = 15430.8740234375, Test LL = 15371.329296875, Mean noise std = 0.11545362323522568
....................................................................................................xxxxxxxxxx
Iteration 8100: LL = 15396.2802734375, Test LL = 15371.6162109375, Mean noise std = 0.11545859277248383
....................................................................................................xxxxxxxxxx
Iteration 8200: LL = 15465.892578125, Test LL = 15370.48876953125, Mean noise std = 0.1154501661658287
....................................................................................................xxxxxxxxxx
Iteration 8300: LL = 15402.025390625, Test LL = 15371.59599609375, Mean noise std = 0.11544888466596603
....................................................................................................xxxxxxxxxx
Iteration 8400: LL = 15389.2734375, Test LL = 15372.1427734375, Mean noise std = 0.11548006534576416
...................................................................................................[saving model][visualizing].xxxxxxxxxx
Iteration 8500: LL = 15396.263671875, Test LL = 15372.620703125, Mean noise std = 0.11547091603279114
....................................................................................................xxxxxxxxxx
Iteration 8600: LL = 15432.3505859375, Test LL = 15372.240234375, Mean noise std = 0.11543375253677368
....................................................................................................xxxxxxxxxx
Iteration 8700: LL = 15395.89453125, Test LL = 15372.635546875, Mean noise std = 0.11541994661092758
....................................................................................................xxxxxxxxxx
Iteration 8800: LL = 15410.30078125, Test LL = 15372.5900390625, Mean noise std = 0.11542423814535141
....................................................................................................xxxxxxxxxx
Iteration 8900: LL = 15451.876953125, Test LL = 15371.991015625, Mean noise std = 0.11542345583438873
...................................................................................................[saving model][visualizing].xxxxxxxxxx
Iteration 9000: LL = 15386.2861328125, Test LL = 15372.30478515625, Mean noise std = 0.1153830885887146
....................................................................................................xxxxxxxxxx
Iteration 9100: LL = 15265.69921875, Test LL = 15372.886328125, Mean noise std = 0.11537844687700272
....................................................................................................xxxxxxxxxx
Iteration 9200: LL = 15425.0107421875, Test LL = 15370.7310546875, Mean noise std = 0.11541977524757385
....................................................................................................xxxxxxxxxx
Iteration 9300: LL = 15408.484375, Test LL = 15372.65498046875, Mean noise std = 0.11538515239953995
....................................................................................................xxxxxxxxxx
Iteration 9400: LL = 15452.1083984375, Test LL = 15372.51884765625, Mean noise std = 0.11538521200418472
...................................................................................................[saving model][visualizing].xxxxxxxxxx
Iteration 9500: LL = 15299.2353515625, Test LL = 15372.948828125, Mean noise std = 0.11539207398891449
....................................................................................................xxxxxxxxxx
Iteration 9600: LL = 15462.083984375, Test LL = 15373.0205078125, Mean noise std = 0.11538658291101456
....................................................................................................xxxxxxxxxx
Iteration 9700: LL = 15347.56640625, Test LL = 15372.9529296875, Mean noise std = 0.11541273444890976
....................................................................................................xxxxxxxxxx
Iteration 9800: LL = 15311.201171875, Test LL = 15373.15263671875, Mean noise std = 0.11542128771543503
....................................................................................................xxxxxxxxxx
Iteration 9900: LL = 15344.75, Test LL = 15373.161328125, Mean noise std = 0.11546098440885544
..................................................................................................[saving model][visualizing].MFA Training ended.
Done
