Starting image batch provider for ../../Datasets/CelebA/img_align_celeba - 23416/5854 (train/test) images.
@Running MFA Teaining. Output folder is ./results_concatenated/celeba_mfa_1c_10l
Initial guess...
init_std [6.98466565e-05 6.79919445e-05 6.99728112e-05 ... 4.65365272e-01
 5.17270204e-01 4.77928027e-01]
type =  <class 'int'>
Collecting an initial sample of 10000 samples...
Performing k-means clustering to 1 components of 10000 samples in dimension 1048/8389 ...
K-means took: 1.5624423027038574 sec
Estimating Factor Analyzer parameters for each cluster
.
Starting Mixture of Factor Analyzers ML SGD Training (10000 iterations)...
[saving model][visualizing].xxxxxxxxxx
Iteration 0: LL = -1649.2327880859375, Test LL = -1563.653564453125, Mean noise std = 0.1392500102519989
....................................................................................................xxxxxxxxxx
Iteration 100: LL = -1688.9896240234375, Test LL = -1562.2391357421875, Mean noise std = 0.13931453227996826
....................................................................................................xxxxxxxxxx
Iteration 200: LL = -1598.5478515625, Test LL = -1561.8744995117188, Mean noise std = 0.13933219015598297
....................................................................................................xxxxxxxxxx
Iteration 300: LL = -1624.211669921875, Test LL = -1561.5852294921874, Mean noise std = 0.13940614461898804
....................................................................................................xxxxxxxxxx
Iteration 400: LL = -1623.55517578125, Test LL = -1561.6662231445312, Mean noise std = 0.1393112987279892
...................................................................................................[saving model][visualizing].xxxxxxxxxx
Iteration 500: LL = -1560.40966796875, Test LL = -1561.5655029296875, Mean noise std = 0.13927221298217773
....................................................................................................xxxxxxxxxx
Iteration 600: LL = -1555.6556396484375, Test LL = -1561.5137817382813, Mean noise std = 0.13924844563007355
....................................................................................................xxxxxxxxxx
Iteration 700: LL = -1556.978271484375, Test LL = -1561.7243530273438, Mean noise std = 0.13921186327934265
....................................................................................................xxxxxxxxxx
Iteration 800: LL = -1524.104248046875, Test LL = -1561.7979248046875, Mean noise std = 0.13918277621269226
....................................................................................................xxxxxxxxxx
Iteration 900: LL = -1443.5628662109375, Test LL = -1561.6859375, Mean noise std = 0.13919226825237274
...................................................................................................[saving model][visualizing].xxxxxxxxxx
Iteration 1000: LL = -1594.9185791015625, Test LL = -1561.6691650390626, Mean noise std = 0.1393103003501892
....................................................................................................xxxxxxxxxx
Iteration 1100: LL = -1374.46630859375, Test LL = -1561.8154174804688, Mean noise std = 0.13924869894981384
....................................................................................................xxxxxxxxxx
Iteration 1200: LL = -1505.37646484375, Test LL = -1561.9743774414062, Mean noise std = 0.1392151266336441
....................................................................................................xxxxxxxxxx
Iteration 1300: LL = -1487.0699462890625, Test LL = -1561.9725463867187, Mean noise std = 0.13907559216022491
....................................................................................................xxxxxxxxxx
Iteration 1400: LL = -1693.918212890625, Test LL = -1561.92861328125, Mean noise std = 0.13904951512813568
...................................................................................................[saving model][visualizing].xxxxxxxxxx
Iteration 1500: LL = -1428.23486328125, Test LL = -1562.1393432617188, Mean noise std = 0.13908393681049347
....................................................................................................xxxxxxxxxx
Iteration 1600: LL = -1552.7628173828125, Test LL = -1562.2359985351563, Mean noise std = 0.13905984163284302
....................................................................................................xxxxxxxxxx
Iteration 1700: LL = -1495.03759765625, Test LL = -1562.2763793945312, Mean noise std = 0.1391054093837738
....................................................................................................xxxxxxxxxx
Iteration 1800: LL = -1481.78466796875, Test LL = -1562.18759765625, Mean noise std = 0.13913078606128693
....................................................................................................xxxxxxxxxx
Iteration 1900: LL = -1513.155029296875, Test LL = -1562.0360229492187, Mean noise std = 0.1392039805650711
...................................................................................................[saving model][visualizing].xxxxxxxxxx
Iteration 2000: LL = -1686.07763671875, Test LL = -1562.1252563476562, Mean noise std = 0.13925758004188538
....................................................................................................xxxxxxxxxx
Iteration 2100: LL = -1389.5458984375, Test LL = -1562.16083984375, Mean noise std = 0.13925710320472717
....................................................................................................xxxxxxxxxx
Iteration 2200: LL = -1534.53515625, Test LL = -1561.9245727539062, Mean noise std = 0.13919603824615479
....................................................................................................xxxxxxxxxx
Iteration 2300: LL = -1577.605224609375, Test LL = -1561.8812622070313, Mean noise std = 0.13924077153205872
....................................................................................................xxxxxxxxxx
Iteration 2400: LL = -1558.41162109375, Test LL = -1562.0251953125, Mean noise std = 0.13925135135650635
...................................................................................................[saving model][visualizing].xxxxxxxxxx
Iteration 2500: LL = -1551.0673828125, Test LL = -1562.0389038085937, Mean noise std = 0.13922876119613647
....................................................................................................xxxxxxxxxx
Iteration 2600: LL = -1680.080810546875, Test LL = -1562.1186645507812, Mean noise std = 0.13929538428783417
....................................................................................................xxxxxxxxxx
Iteration 2700: LL = -1484.5279541015625, Test LL = -1562.136767578125, Mean noise std = 0.13928461074829102
....................................................................................................xxxxxxxxxx
Iteration 2800: LL = -1471.174072265625, Test LL = -1562.1150512695312, Mean noise std = 0.13918368518352509
....................................................................................................xxxxxxxxxx
Iteration 2900: LL = -1553.417724609375, Test LL = -1562.354150390625, Mean noise std = 0.1391826868057251
...................................................................................................[saving model][visualizing].xxxxxxxxxx
Iteration 3000: LL = -1560.383056640625, Test LL = -1562.3298217773438, Mean noise std = 0.13923296332359314
....................................................................................................xxxxxxxxxx
Iteration 3100: LL = -1546.4600830078125, Test LL = -1562.274951171875, Mean noise std = 0.13926120102405548
....................................................................................................xxxxxxxxxx
Iteration 3200: LL = -1611.67724609375, Test LL = -1562.1057861328125, Mean noise std = 0.1393311619758606
....................................................................................................xxxxxxxxxx
Iteration 3300: LL = -1470.1680908203125, Test LL = -1562.0376342773438, Mean noise std = 0.1393761932849884
....................................................................................................xxxxxxxxxx
Iteration 3400: LL = -1506.7294921875, Test LL = -1561.8928955078125, Mean noise std = 0.13937735557556152
...................................................................................................[saving model][visualizing].xxxxxxxxxx
Iteration 3500: LL = -1568.144287109375, Test LL = -1561.928564453125, Mean noise std = 0.13931964337825775
....................................................................................................xxxxxxxxxx
Iteration 3600: LL = -1462.733642578125, Test LL = -1561.9084350585938, Mean noise std = 0.1392892748117447
....................................................................................................xxxxxxxxxx
Iteration 3700: LL = -1581.9892578125, Test LL = -1562.1263427734375, Mean noise std = 0.13934071362018585
....................................................................................................xxxxxxxxxx
Iteration 3800: LL = -1435.460693359375, Test LL = -1562.04921875, Mean noise std = 0.13930438458919525
....................................................................................................xxxxxxxxxx
Iteration 3900: LL = -1562.5565185546875, Test LL = -1562.1025512695312, Mean noise std = 0.13926923274993896
...................................................................................................[saving model][visualizing].xxxxxxxxxx
Iteration 4000: LL = -1483.8712158203125, Test LL = -1562.1351684570313, Mean noise std = 0.13928964734077454
....................................................................................................xxxxxxxxxx
Iteration 4100: LL = -1604.2410888671875, Test LL = -1562.0464111328124, Mean noise std = 0.1392974853515625
....................................................................................................xxxxxxxxxx
Iteration 4200: LL = -1513.05615234375, Test LL = -1562.1267700195312, Mean noise std = 0.13930632174015045
....................................................................................................xxxxxxxxxx
Iteration 4300: LL = -1505.26953125, Test LL = -1562.1205444335938, Mean noise std = 0.13932086527347565
....................................................................................................xxxxxxxxxx
Iteration 4400: LL = -1568.2225341796875, Test LL = -1562.0340087890625, Mean noise std = 0.13937333226203918
...................................................................................................[saving model][visualizing].xxxxxxxxxx
Iteration 4500: LL = -1515.4490966796875, Test LL = -1562.1787475585938, Mean noise std = 0.13942232728004456
....................................................................................................xxxxxxxxxx
Iteration 4600: LL = -1590.1353759765625, Test LL = -1561.9717529296875, Mean noise std = 0.13945302367210388
....................................................................................................xxxxxxxxxx
Iteration 4700: LL = -1637.69384765625, Test LL = -1561.8207885742188, Mean noise std = 0.13943612575531006
....................................................................................................xxxxxxxxxx
Iteration 4800: LL = -1513.5230712890625, Test LL = -1561.9746459960938, Mean noise std = 0.1394701600074768
....................................................................................................xxxxxxxxxx
Iteration 4900: LL = -1597.638671875, Test LL = -1562.0618774414063, Mean noise std = 0.1394454836845398
...................................................................................................[saving model][visualizing].xxxxxxxxxx
Iteration 5000: LL = -1597.0220947265625, Test LL = -1561.9242797851562, Mean noise std = 0.13925305008888245
....................................................................................................xxxxxxxxxx
Iteration 5100: LL = -1438.973876953125, Test LL = -1561.9031127929688, Mean noise std = 0.1392434984445572
....................................................................................................xxxxxxxxxx
Iteration 5200: LL = -1612.6473388671875, Test LL = -1561.9191772460938, Mean noise std = 0.13927873969078064
....................................................................................................xxxxxxxxxx
Iteration 5300: LL = -1571.1318359375, Test LL = -1561.9939453125, Mean noise std = 0.139291450381279
....................................................................................................xxxxxxxxxx
Iteration 5400: LL = -1571.93603515625, Test LL = -1561.8222045898438, Mean noise std = 0.13928410410881042
...................................................................................................[saving model][visualizing].xxxxxxxxxx
Iteration 5500: LL = -1573.91845703125, Test LL = -1561.8570068359375, Mean noise std = 0.13929617404937744
....................................................................................................xxxxxxxxxx
Iteration 5600: LL = -1570.256591796875, Test LL = -1561.6948120117188, Mean noise std = 0.13920970261096954
....................................................................................................xxxxxxxxxx
Iteration 5700: LL = -1580.445068359375, Test LL = -1561.898974609375, Mean noise std = 0.1392132043838501
....................................................................................................xxxxxxxxxx
Iteration 5800: LL = -1572.6580810546875, Test LL = -1561.8749877929688, Mean noise std = 0.13921113312244415
....................................................................................................xxxxxxxxxx
Iteration 5900: LL = -1630.0736083984375, Test LL = -1561.9042602539062, Mean noise std = 0.13921615481376648
...................................................................................................[saving model][visualizing].xxxxxxxxxx
Iteration 6000: LL = -1502.289306640625, Test LL = -1562.2740112304687, Mean noise std = 0.13919851183891296
....................................................................................................xxxxxxxxxx
Iteration 6100: LL = -1652.33740234375, Test LL = -1562.250244140625, Mean noise std = 0.13915510475635529
....................................................................................................xxxxxxxxxx
Iteration 6200: LL = -1577.87060546875, Test LL = -1562.0237915039063, Mean noise std = 0.13913244009017944
....................................................................................................xxxxxxxxxx
Iteration 6300: LL = -1501.91650390625, Test LL = -1562.0323486328125, Mean noise std = 0.1391541063785553
....................................................................................................xxxxxxxxxx
Iteration 6400: LL = -1712.921875, Test LL = -1561.9110717773438, Mean noise std = 0.13906657695770264
...................................................................................................[saving model][visualizing].xxxxxxxxxx
Iteration 6500: LL = -1594.4385986328125, Test LL = -1562.0525634765625, Mean noise std = 0.1391025185585022
....................................................................................................xxxxxxxxxx
Iteration 6600: LL = -1538.25927734375, Test LL = -1562.1376098632813, Mean noise std = 0.13908177614212036
....................................................................................................xxxxxxxxxx
Iteration 6700: LL = -1485.104736328125, Test LL = -1562.197314453125, Mean noise std = 0.13917385041713715
....................................................................................................xxxxxxxxxx
Iteration 6800: LL = -1430.05322265625, Test LL = -1561.9423217773438, Mean noise std = 0.13913463056087494
....................................................................................................xxxxxxxxxx
Iteration 6900: LL = -1623.54345703125, Test LL = -1561.8982177734374, Mean noise std = 0.13914020359516144
...................................................................................................[saving model][visualizing].xxxxxxxxxx
Iteration 7000: LL = -1626.6435546875, Test LL = -1561.8673461914063, Mean noise std = 0.13915066421031952
....................................................................................................xxxxxxxxxx
Iteration 7100: LL = -1523.623291015625, Test LL = -1562.0159912109375, Mean noise std = 0.1392536759376526
....................................................................................................xxxxxxxxxx
Iteration 7200: LL = -1572.681640625, Test LL = -1561.73427734375, Mean noise std = 0.13923972845077515
....................................................................................................xxxxxxxxxx
Iteration 7300: LL = -1546.019775390625, Test LL = -1561.8679443359374, Mean noise std = 0.13920487463474274
....................................................................................................xxxxxxxxxx
Iteration 7400: LL = -1613.744384765625, Test LL = -1562.1441772460937, Mean noise std = 0.13915497064590454
...................................................................................................[saving model][visualizing].xxxxxxxxxx
Iteration 7500: LL = -1629.0716552734375, Test LL = -1561.9842529296875, Mean noise std = 0.13921014964580536
....................................................................................................xxxxxxxxxx
Iteration 7600: LL = -1596.9664306640625, Test LL = -1562.1726928710937, Mean noise std = 0.13928575813770294
....................................................................................................xxxxxxxxxx
Iteration 7700: LL = -1570.402587890625, Test LL = -1562.2611572265625, Mean noise std = 0.1392689198255539
....................................................................................................xxxxxxxxxx
Iteration 7800: LL = -1746.86572265625, Test LL = -1562.0774169921874, Mean noise std = 0.13932417333126068
....................................................................................................xxxxxxxxxx
Iteration 7900: LL = -1455.392822265625, Test LL = -1562.0765014648437, Mean noise std = 0.1393549144268036
...................................................................................................[saving model][visualizing].xxxxxxxxxx
Iteration 8000: LL = -1417.415283203125, Test LL = -1562.122705078125, Mean noise std = 0.1393161565065384
....................................................................................................xxxxxxxxxx
Iteration 8100: LL = -1567.398681640625, Test LL = -1562.1877807617188, Mean noise std = 0.13929103314876556
....................................................................................................xxxxxxxxxx
Iteration 8200: LL = -1555.24853515625, Test LL = -1562.217578125, Mean noise std = 0.1393020898103714
....................................................................................................xxxxxxxxxx
Iteration 8300: LL = -1599.1966552734375, Test LL = -1561.9322998046875, Mean noise std = 0.13926100730895996
....................................................................................................xxxxxxxxxx
Iteration 8400: LL = -1605.8236083984375, Test LL = -1561.967529296875, Mean noise std = 0.13927726447582245
...................................................................................................[saving model][visualizing].xxxxxxxxxx
Iteration 8500: LL = -1498.9951171875, Test LL = -1562.0530151367188, Mean noise std = 0.1393725425004959
....................................................................................................xxxxxxxxxx
Iteration 8600: LL = -1409.5614013671875, Test LL = -1562.0744995117188, Mean noise std = 0.13941581547260284
....................................................................................................xxxxxxxxxx
Iteration 8700: LL = -1494.251708984375, Test LL = -1561.9495239257812, Mean noise std = 0.13934025168418884
....................................................................................................xxxxxxxxxx
Iteration 8800: LL = -1472.617431640625, Test LL = -1561.9203491210938, Mean noise std = 0.13927824795246124
....................................................................................................xxxxxxxxxx
Iteration 8900: LL = -1584.611572265625, Test LL = -1562.0118774414063, Mean noise std = 0.13916733860969543
...................................................................................................[saving model][visualizing].xxxxxxxxxx
Iteration 9000: LL = -1565.31494140625, Test LL = -1562.0268676757812, Mean noise std = 0.13917797803878784
....................................................................................................xxxxxxxxxx
Iteration 9100: LL = -1643.27197265625, Test LL = -1562.0506713867187, Mean noise std = 0.13914528489112854
....................................................................................................xxxxxxxxxx
Iteration 9200: LL = -1526.95263671875, Test LL = -1562.0828979492187, Mean noise std = 0.13914668560028076
....................................................................................................xxxxxxxxxx
Iteration 9300: LL = -1503.0439453125, Test LL = -1562.1004272460937, Mean noise std = 0.1391775757074356
....................................................................................................xxxxxxxxxx
Iteration 9400: LL = -1585.1934814453125, Test LL = -1562.0507080078125, Mean noise std = 0.13911806046962738
...................................................................................................[saving model][visualizing].xxxxxxxxxx
Iteration 9500: LL = -1584.9725341796875, Test LL = -1562.1994262695312, Mean noise std = 0.1391669362783432
....................................................................................................xxxxxxxxxx
Iteration 9600: LL = -1670.8939208984375, Test LL = -1562.1241821289063, Mean noise std = 0.1392453908920288
....................................................................................................xxxxxxxxxx
Iteration 9700: LL = -1661.754638671875, Test LL = -1562.0498291015624, Mean noise std = 0.13933338224887848
....................................................................................................xxxxxxxxxx
Iteration 9800: LL = -1510.78369140625, Test LL = -1561.9360473632812, Mean noise std = 0.1392744779586792
....................................................................................................xxxxxxxxxx
Iteration 9900: LL = -1663.977783203125, Test LL = -1561.9236450195312, Mean noise std = 0.13933634757995605
..................................................................................................[saving model][visualizing].MFA Training ended.
Done
