Starting image batch provider for ../../Datasets/CelebA/img_align_celeba - 23416/5854 (train/test) images.
@Running MFA Teaining. Output folder is ./results_concatenated/celeba_mfa_2c_10l
Initial guess...
init_std [6.98466565e-05 6.79919445e-05 6.99728112e-05 ... 4.65365272e-01
 5.17270204e-01 4.77928027e-01]
type =  <class 'int'>
Collecting an initial sample of 10000 samples...
Performing k-means clustering to 2 components of 10000 samples in dimension 1048/8389 ...
K-means took: 2.581636667251587 sec
Estimating Factor Analyzer parameters for each cluster
..
Starting Mixture of Factor Analyzers ML SGD Training (10000 iterations)...
[saving model][visualizing].xxxxxxxxxx
Iteration 0: LL = -1437.560546875, Test LL = -1469.771533203125, Mean noise std = 0.1412140280008316
....................................................................................................xxxxxxxxxx
Iteration 100: LL = -1595.893310546875, Test LL = -1455.8747802734374, Mean noise std = 0.14110822975635529
....................................................................................................xxxxxxxxxx
Iteration 200: LL = -1402.7635498046875, Test LL = -1446.5608642578125, Mean noise std = 0.1409999132156372
....................................................................................................xxxxxxxxxx
Iteration 300: LL = -1383.9075927734375, Test LL = -1439.2666870117187, Mean noise std = 0.14085474610328674
....................................................................................................xxxxxxxxxx
Iteration 400: LL = -1386.27392578125, Test LL = -1434.2419555664062, Mean noise std = 0.14080525934696198
...................................................................................................[saving model][visualizing].xxxxxxxxxx
Iteration 500: LL = -1483.591552734375, Test LL = -1430.8529907226562, Mean noise std = 0.14073359966278076
....................................................................................................xxxxxxxxxx
Iteration 600: LL = -1362.363525390625, Test LL = -1428.080859375, Mean noise std = 0.14063510298728943
....................................................................................................xxxxxxxxxx
Iteration 700: LL = -1457.052978515625, Test LL = -1426.2653930664062, Mean noise std = 0.14048796892166138
....................................................................................................xxxxxxxxxx
Iteration 800: LL = -1556.5460205078125, Test LL = -1424.5029907226562, Mean noise std = 0.1404818445444107
....................................................................................................xxxxxxxxxx
Iteration 900: LL = -1489.44873046875, Test LL = -1423.0418701171875, Mean noise std = 0.14049969613552094
...................................................................................................[saving model][visualizing].xxxxxxxxxx
Iteration 1000: LL = -1462.5057373046875, Test LL = -1421.6898193359375, Mean noise std = 0.14050282537937164
....................................................................................................xxxxxxxxxx
Iteration 1100: LL = -1279.9698486328125, Test LL = -1420.2649291992188, Mean noise std = 0.14038455486297607
....................................................................................................xxxxxxxxxx
Iteration 1200: LL = -1409.06298828125, Test LL = -1419.3149047851562, Mean noise std = 0.14032293856143951
....................................................................................................xxxxxxxxxx
Iteration 1300: LL = -1414.2982177734375, Test LL = -1418.2770385742188, Mean noise std = 0.14025937020778656
....................................................................................................xxxxxxxxxx
Iteration 1400: LL = -1371.17822265625, Test LL = -1417.2419799804688, Mean noise std = 0.14018546044826508
...................................................................................................[saving model][visualizing].xxxxxxxxxx
Iteration 1500: LL = -1468.1651611328125, Test LL = -1416.4309204101562, Mean noise std = 0.14017854630947113
....................................................................................................xxxxxxxxxx
Iteration 1600: LL = -1475.081298828125, Test LL = -1415.4855102539063, Mean noise std = 0.140119269490242
....................................................................................................xxxxxxxxxx
Iteration 1700: LL = -1407.84375, Test LL = -1414.37177734375, Mean noise std = 0.14003561437129974
....................................................................................................xxxxxxxxxx
Iteration 1800: LL = -1504.9366455078125, Test LL = -1413.0185913085938, Mean noise std = 0.1400454342365265
....................................................................................................xxxxxxxxxx
Iteration 1900: LL = -1386.6239013671875, Test LL = -1412.149609375, Mean noise std = 0.14006276428699493
...................................................................................................[saving model][visualizing].xxxxxxxxxx
Iteration 2000: LL = -1386.875244140625, Test LL = -1410.6551147460937, Mean noise std = 0.14006809890270233
....................................................................................................xxxxxxxxxx
Iteration 2100: LL = -1367.617919921875, Test LL = -1409.3665283203125, Mean noise std = 0.1400381624698639
....................................................................................................xxxxxxxxxx
Iteration 2200: LL = -1342.3974609375, Test LL = -1407.9103881835938, Mean noise std = 0.13999305665493011
....................................................................................................xxxxxxxxxx
Iteration 2300: LL = -1437.63037109375, Test LL = -1406.0808959960937, Mean noise std = 0.13999786972999573
....................................................................................................xxxxxxxxxx
Iteration 2400: LL = -1456.78466796875, Test LL = -1404.7376953125, Mean noise std = 0.14001448452472687
...................................................................................................[saving model][visualizing].xxxxxxxxxx
Iteration 2500: LL = -1287.619140625, Test LL = -1403.2572631835938, Mean noise std = 0.14000661671161652
....................................................................................................xxxxxxxxxx
Iteration 2600: LL = -1432.462158203125, Test LL = -1401.4748046875, Mean noise std = 0.13998718559741974
....................................................................................................xxxxxxxxxx
Iteration 2700: LL = -1381.0457763671875, Test LL = -1399.7615600585937, Mean noise std = 0.13994188606739044
....................................................................................................xxxxxxxxxx
Iteration 2800: LL = -1428.5426025390625, Test LL = -1398.1405151367187, Mean noise std = 0.1399523764848709
....................................................................................................xxxxxxxxxx
Iteration 2900: LL = -1337.088623046875, Test LL = -1396.3614379882813, Mean noise std = 0.13993807137012482
...................................................................................................[saving model][visualizing].xxxxxxxxxx
Iteration 3000: LL = -1342.54931640625, Test LL = -1395.2507080078126, Mean noise std = 0.13987219333648682
....................................................................................................xxxxxxxxxx
Iteration 3100: LL = -1403.1044921875, Test LL = -1394.1373291015625, Mean noise std = 0.13979189097881317
....................................................................................................xxxxxxxxxx
Iteration 3200: LL = -1288.375244140625, Test LL = -1392.9947143554687, Mean noise std = 0.13986851274967194
....................................................................................................xxxxxxxxxx
Iteration 3300: LL = -1305.387451171875, Test LL = -1392.0849365234376, Mean noise std = 0.1398836225271225
....................................................................................................xxxxxxxxxx
Iteration 3400: LL = -1395.08642578125, Test LL = -1390.94873046875, Mean noise std = 0.13992059230804443
...................................................................................................[saving model][visualizing].xxxxxxxxxx
Iteration 3500: LL = -1406.360595703125, Test LL = -1389.901318359375, Mean noise std = 0.13996408879756927
....................................................................................................xxxxxxxxxx
Iteration 3600: LL = -1241.742431640625, Test LL = -1388.9579956054688, Mean noise std = 0.13997508585453033
....................................................................................................xxxxxxxxxx
Iteration 3700: LL = -1372.835693359375, Test LL = -1388.2122802734375, Mean noise std = 0.1400154083967209
....................................................................................................xxxxxxxxxx
Iteration 3800: LL = -1427.3955078125, Test LL = -1387.8183471679688, Mean noise std = 0.1399424970149994
....................................................................................................xxxxxxxxxx
Iteration 3900: LL = -1333.6580810546875, Test LL = -1387.2426879882812, Mean noise std = 0.13988173007965088
...................................................................................................[saving model][visualizing].xxxxxxxxxx
Iteration 4000: LL = -1302.1011962890625, Test LL = -1386.9954223632812, Mean noise std = 0.1398666650056839
....................................................................................................xxxxxxxxxx
Iteration 4100: LL = -1333.7857666015625, Test LL = -1386.2695434570312, Mean noise std = 0.13982903957366943
....................................................................................................xxxxxxxxxx
Iteration 4200: LL = -1439.740234375, Test LL = -1385.802734375, Mean noise std = 0.139847993850708
....................................................................................................xxxxxxxxxx
Iteration 4300: LL = -1383.87353515625, Test LL = -1385.1145751953125, Mean noise std = 0.1398283690214157
....................................................................................................xxxxxxxxxx
Iteration 4400: LL = -1414.539306640625, Test LL = -1384.5713256835938, Mean noise std = 0.1398392766714096
...................................................................................................[saving model][visualizing].xxxxxxxxxx
Iteration 4500: LL = -1437.56591796875, Test LL = -1383.9699584960938, Mean noise std = 0.13990485668182373
....................................................................................................xxxxxxxxxx
Iteration 4600: LL = -1425.971435546875, Test LL = -1383.334130859375, Mean noise std = 0.13994471728801727
....................................................................................................xxxxxxxxxx
Iteration 4700: LL = -1395.7139892578125, Test LL = -1382.5957275390624, Mean noise std = 0.13992710411548615
....................................................................................................xxxxxxxxxx
Iteration 4800: LL = -1378.332763671875, Test LL = -1382.2516235351563, Mean noise std = 0.13994555175304413
....................................................................................................xxxxxxxxxx
Iteration 4900: LL = -1470.210693359375, Test LL = -1381.6308227539062, Mean noise std = 0.13998708128929138
...................................................................................................[saving model][visualizing].xxxxxxxxxx
Iteration 5000: LL = -1311.1412353515625, Test LL = -1380.8798461914062, Mean noise std = 0.1399482637643814
....................................................................................................xxxxxxxxxx
Iteration 5100: LL = -1373.512939453125, Test LL = -1380.4597412109374, Mean noise std = 0.1399703174829483
....................................................................................................xxxxxxxxxx
Iteration 5200: LL = -1372.266357421875, Test LL = -1380.1181274414062, Mean noise std = 0.13998983800411224
....................................................................................................xxxxxxxxxx
Iteration 5300: LL = -1371.7974853515625, Test LL = -1379.9578002929688, Mean noise std = 0.13993743062019348
....................................................................................................xxxxxxxxxx
Iteration 5400: LL = -1458.276123046875, Test LL = -1379.756494140625, Mean noise std = 0.13997817039489746
...................................................................................................[saving model][visualizing].xxxxxxxxxx
Iteration 5500: LL = -1263.1529541015625, Test LL = -1379.3479248046874, Mean noise std = 0.13994523882865906
....................................................................................................xxxxxxxxxx
Iteration 5600: LL = -1459.311279296875, Test LL = -1379.243017578125, Mean noise std = 0.1399158537387848
....................................................................................................xxxxxxxxxx
Iteration 5700: LL = -1362.9329833984375, Test LL = -1379.083251953125, Mean noise std = 0.13997390866279602
....................................................................................................xxxxxxxxxx
Iteration 5800: LL = -1384.9874267578125, Test LL = -1378.8146362304688, Mean noise std = 0.13996678590774536
....................................................................................................xxxxxxxxxx
Iteration 5900: LL = -1383.151611328125, Test LL = -1378.578076171875, Mean noise std = 0.13994665443897247
...................................................................................................[saving model][visualizing].xxxxxxxxxx
Iteration 6000: LL = -1312.289794921875, Test LL = -1378.4614624023438, Mean noise std = 0.1399310678243637
....................................................................................................xxxxxxxxxx
Iteration 6100: LL = -1332.071044921875, Test LL = -1378.229833984375, Mean noise std = 0.13993322849273682
....................................................................................................xxxxxxxxxx
Iteration 6200: LL = -1420.92919921875, Test LL = -1378.093359375, Mean noise std = 0.13990016281604767
....................................................................................................xxxxxxxxxx
Iteration 6300: LL = -1399.4813232421875, Test LL = -1377.9390380859375, Mean noise std = 0.13984788954257965
....................................................................................................xxxxxxxxxx
Iteration 6400: LL = -1379.39794921875, Test LL = -1377.9465576171874, Mean noise std = 0.1398347169160843
...................................................................................................[saving model][visualizing].xxxxxxxxxx
Iteration 6500: LL = -1334.8145751953125, Test LL = -1377.7135864257812, Mean noise std = 0.1397915482521057
....................................................................................................xxxxxxxxxx
Iteration 6600: LL = -1486.346435546875, Test LL = -1377.4950805664062, Mean noise std = 0.13985858857631683
....................................................................................................xxxxxxxxxx
Iteration 6700: LL = -1467.5213623046875, Test LL = -1377.744580078125, Mean noise std = 0.13989804685115814
....................................................................................................xxxxxxxxxx
Iteration 6800: LL = -1303.4315185546875, Test LL = -1377.9175903320313, Mean noise std = 0.13980774581432343
....................................................................................................xxxxxxxxxx
Iteration 6900: LL = -1333.261474609375, Test LL = -1377.8781982421874, Mean noise std = 0.13973605632781982
...................................................................................................[saving model][visualizing].xxxxxxxxxx
Iteration 7000: LL = -1304.8330078125, Test LL = -1377.8945922851562, Mean noise std = 0.13972900807857513
....................................................................................................xxxxxxxxxx
Iteration 7100: LL = -1331.3531494140625, Test LL = -1377.5341552734376, Mean noise std = 0.1396971195936203
....................................................................................................xxxxxxxxxx
Iteration 7200: LL = -1373.4384765625, Test LL = -1377.335205078125, Mean noise std = 0.13971617817878723
....................................................................................................xxxxxxxxxx
Iteration 7300: LL = -1287.01953125, Test LL = -1377.3233520507813, Mean noise std = 0.13976147770881653
....................................................................................................xxxxxxxxxx
Iteration 7400: LL = -1402.0286865234375, Test LL = -1377.3767456054688, Mean noise std = 0.13979221880435944
...................................................................................................[saving model][visualizing].xxxxxxxxxx
Iteration 7500: LL = -1297.74951171875, Test LL = -1377.3176147460938, Mean noise std = 0.13980799913406372
....................................................................................................xxxxxxxxxx
Iteration 7600: LL = -1425.484130859375, Test LL = -1377.3698486328126, Mean noise std = 0.13979876041412354
....................................................................................................xxxxxxxxxx
Iteration 7700: LL = -1253.306396484375, Test LL = -1377.2735229492187, Mean noise std = 0.139728844165802
....................................................................................................xxxxxxxxxx
Iteration 7800: LL = -1305.930908203125, Test LL = -1377.1502075195312, Mean noise std = 0.13970625400543213
....................................................................................................xxxxxxxxxx
Iteration 7900: LL = -1489.531494140625, Test LL = -1377.233544921875, Mean noise std = 0.13970471918582916
...................................................................................................[saving model][visualizing].xxxxxxxxxx
Iteration 8000: LL = -1322.438720703125, Test LL = -1377.3655883789063, Mean noise std = 0.13971364498138428
....................................................................................................xxxxxxxxxx
Iteration 8100: LL = -1478.3203125, Test LL = -1377.5197631835938, Mean noise std = 0.13973040878772736
....................................................................................................xxxxxxxxxx
Iteration 8200: LL = -1376.7825927734375, Test LL = -1377.4316650390624, Mean noise std = 0.13978847861289978
....................................................................................................xxxxxxxxxx
Iteration 8300: LL = -1378.3251953125, Test LL = -1377.3958374023437, Mean noise std = 0.13985086977481842
....................................................................................................xxxxxxxxxx
Iteration 8400: LL = -1384.3477783203125, Test LL = -1377.5627563476562, Mean noise std = 0.13984070718288422
...................................................................................................[saving model][visualizing].xxxxxxxxxx
Iteration 8500: LL = -1303.15478515625, Test LL = -1377.7527954101563, Mean noise std = 0.13989995419979095
....................................................................................................xxxxxxxxxx
Iteration 8600: LL = -1235.740966796875, Test LL = -1377.7609130859375, Mean noise std = 0.13987959921360016
....................................................................................................xxxxxxxxxx
Iteration 8700: LL = -1318.190673828125, Test LL = -1378.0443603515625, Mean noise std = 0.1398317515850067
....................................................................................................xxxxxxxxxx
Iteration 8800: LL = -1350.262451171875, Test LL = -1377.9835083007813, Mean noise std = 0.13983967900276184
....................................................................................................xxxxxxxxxx
Iteration 8900: LL = -1388.247802734375, Test LL = -1377.8298095703126, Mean noise std = 0.13976149260997772
...................................................................................................[saving model][visualizing].xxxxxxxxxx
Iteration 9000: LL = -1460.847900390625, Test LL = -1378.0410888671875, Mean noise std = 0.1397857367992401
....................................................................................................xxxxxxxxxx
Iteration 9100: LL = -1359.02880859375, Test LL = -1377.9071899414062, Mean noise std = 0.13978558778762817
....................................................................................................xxxxxxxxxx
Iteration 9200: LL = -1323.57421875, Test LL = -1378.0519775390626, Mean noise std = 0.13976630568504333
....................................................................................................xxxxxxxxxx
Iteration 9300: LL = -1266.4954833984375, Test LL = -1377.7383056640624, Mean noise std = 0.1397401988506317
....................................................................................................xxxxxxxxxx
Iteration 9400: LL = -1340.7554931640625, Test LL = -1377.795458984375, Mean noise std = 0.13974125683307648
...................................................................................................[saving model][visualizing].xxxxxxxxxx
Iteration 9500: LL = -1289.421630859375, Test LL = -1377.8787719726563, Mean noise std = 0.13976934552192688
....................................................................................................xxxxxxxxxx
Iteration 9600: LL = -1373.22119140625, Test LL = -1377.6710083007813, Mean noise std = 0.13981175422668457
....................................................................................................xxxxxxxxxx
Iteration 9700: LL = -1287.8023681640625, Test LL = -1377.6743896484375, Mean noise std = 0.13981619477272034
....................................................................................................xxxxxxxxxx
Iteration 9800: LL = -1274.807373046875, Test LL = -1377.7454467773437, Mean noise std = 0.13977476954460144
....................................................................................................xxxxxxxxxx
Iteration 9900: LL = -1271.791259765625, Test LL = -1377.8370849609375, Mean noise std = 0.13973906636238098
..................................................................................................[saving model][visualizing].MFA Training ended.
Done
