Starting image batch provider for ../../Datasets/CelebA/img_align_celeba - 23416/5854 (train/test) images.
@Running MFA Teaining. Output folder is ./concatenated_results_32/celeba_mfa_15c_10l
Initial guess...
type =  <class 'int'>
Collecting an initial sample of 10000 samples...
Performing k-means clustering to 15 components of 10000 samples in dimension 1048/8389 ...
K-means took: 24.122037172317505 sec
Estimating Factor Analyzer parameters for each cluster
...............
Starting Mixture of Factor Analyzers ML SGD Training (10000 iterations)...
[saving model][visualizing].xxxxxxxxxx
Iteration 0: LL = -1188.868408203125, Test LL = -1177.3905639648438, Mean noise std = 0.13355468213558197
....................................................................................................xxxxxxxxxx
Iteration 100: LL = -1149.462646484375, Test LL = -1146.2786987304687, Mean noise std = 0.13379792869091034
....................................................................................................xxxxxxxxxx
Iteration 200: LL = -1199.982177734375, Test LL = -1118.828594970703, Mean noise std = 0.13404017686843872
....................................................................................................xxxxxxxxxx
Iteration 300: LL = -1020.0062255859375, Test LL = -1094.6405517578125, Mean noise std = 0.13426654040813446
....................................................................................................xxxxxxxxxx
Iteration 400: LL = -1019.91064453125, Test LL = -1073.2640258789063, Mean noise std = 0.1344766765832901
...................................................................................................[saving model][visualizing].xxxxxxxxxx
Iteration 500: LL = -1126.0260009765625, Test LL = -1054.6026611328125, Mean noise std = 0.1346805840730667
....................................................................................................xxxxxxxxxx
Iteration 600: LL = -924.2596435546875, Test LL = -1038.5172607421875, Mean noise std = 0.13487569987773895
....................................................................................................xxxxxxxxxx
Iteration 700: LL = -891.6597290039062, Test LL = -1024.653466796875, Mean noise std = 0.13504119217395782
....................................................................................................xxxxxxxxxx
Iteration 800: LL = -963.24267578125, Test LL = -1012.0723327636719, Mean noise std = 0.13518929481506348
....................................................................................................xxxxxxxxxx
Iteration 900: LL = -887.3232421875, Test LL = -1001.2527526855469, Mean noise std = 0.1353216916322708
...................................................................................................[saving model][visualizing].xxxxxxxxxx
Iteration 1000: LL = -922.6986083984375, Test LL = -991.8097290039062, Mean noise std = 0.13545390963554382
....................................................................................................xxxxxxxxxx
Iteration 1100: LL = -871.3544921875, Test LL = -982.9136291503906, Mean noise std = 0.13557256758213043
....................................................................................................xxxxxxxxxx
Iteration 1200: LL = -876.317138671875, Test LL = -974.8405639648438, Mean noise std = 0.13566061854362488
....................................................................................................xxxxxxxxxx
Iteration 1300: LL = -985.42236328125, Test LL = -967.3237854003906, Mean noise std = 0.13576143980026245
....................................................................................................xxxxxxxxxx
Iteration 1400: LL = -1007.3370361328125, Test LL = -960.1518127441407, Mean noise std = 0.13584642112255096
...................................................................................................[saving model][visualizing].xxxxxxxxxx
Iteration 1500: LL = -962.6800537109375, Test LL = -953.5550537109375, Mean noise std = 0.13592955470085144
....................................................................................................xxxxxxxxxx
Iteration 1600: LL = -885.9080810546875, Test LL = -946.7887878417969, Mean noise std = 0.1359812319278717
....................................................................................................xxxxxxxxxx
Iteration 1700: LL = -944.4777221679688, Test LL = -941.1125549316406, Mean noise std = 0.13602860271930695
....................................................................................................xxxxxxxxxx
Iteration 1800: LL = -879.118408203125, Test LL = -935.2341674804687, Mean noise std = 0.13608388602733612
....................................................................................................xxxxxxxxxx
Iteration 1900: LL = -1035.214599609375, Test LL = -929.8007446289063, Mean noise std = 0.13614587485790253
...................................................................................................[saving model][visualizing].xxxxxxxxxx
Iteration 2000: LL = -906.2930908203125, Test LL = -923.8671569824219, Mean noise std = 0.1361856907606125
....................................................................................................xxxxxxxxxx
Iteration 2100: LL = -822.9326171875, Test LL = -918.8580688476562, Mean noise std = 0.13621322810649872
....................................................................................................xxxxxxxxxx
Iteration 2200: LL = -859.923095703125, Test LL = -912.9729675292969, Mean noise std = 0.13623593747615814
....................................................................................................xxxxxxxxxx
Iteration 2300: LL = -923.9228515625, Test LL = -908.3130554199219, Mean noise std = 0.13626797497272491
....................................................................................................xxxxxxxxxx
Iteration 2400: LL = -929.2251586914062, Test LL = -903.9390747070313, Mean noise std = 0.13630226254463196
...................................................................................................[saving model][visualizing].xxxxxxxxxx
Iteration 2500: LL = -1001.9815673828125, Test LL = -900.4418029785156, Mean noise std = 0.13632702827453613
....................................................................................................xxxxxxxxxx
Iteration 2600: LL = -795.9730224609375, Test LL = -896.4008544921875, Mean noise std = 0.13631972670555115
....................................................................................................xxxxxxxxxx
Iteration 2700: LL = -963.7782592773438, Test LL = -892.8373352050781, Mean noise std = 0.1363074779510498
....................................................................................................xxxxxxxxxx
Iteration 2800: LL = -856.828125, Test LL = -889.7268493652343, Mean noise std = 0.13631196320056915
....................................................................................................xxxxxxxxxx
Iteration 2900: LL = -970.9659423828125, Test LL = -886.3797973632812, Mean noise std = 0.13631610572338104
...................................................................................................[saving model][visualizing].xxxxxxxxxx
Iteration 3000: LL = -830.9708251953125, Test LL = -883.1684387207031, Mean noise std = 0.13632188737392426
....................................................................................................xxxxxxxxxx
Iteration 3100: LL = -829.4623413085938, Test LL = -880.6131774902344, Mean noise std = 0.1363149881362915
....................................................................................................xxxxxxxxxx
Iteration 3200: LL = -784.328125, Test LL = -878.0920776367187, Mean noise std = 0.13630297780036926
....................................................................................................xxxxxxxxxx
Iteration 3300: LL = -1069.49560546875, Test LL = -875.423291015625, Mean noise std = 0.13630224764347076
....................................................................................................xxxxxxxxxx
Iteration 3400: LL = -806.7674560546875, Test LL = -873.5273864746093, Mean noise std = 0.1363087147474289
...................................................................................................[saving model][visualizing].xxxxxxxxxx
Iteration 3500: LL = -791.4462890625, Test LL = -871.457080078125, Mean noise std = 0.1363033950328827
....................................................................................................xxxxxxxxxx
Iteration 3600: LL = -856.2543334960938, Test LL = -869.9674072265625, Mean noise std = 0.13629917800426483
....................................................................................................xxxxxxxxxx
Iteration 3700: LL = -814.1627197265625, Test LL = -868.3344055175781, Mean noise std = 0.1362883299589157
....................................................................................................xxxxxxxxxx
Iteration 3800: LL = -878.4676513671875, Test LL = -866.9075256347656, Mean noise std = 0.13628071546554565
....................................................................................................xxxxxxxxxx
Iteration 3900: LL = -920.2753295898438, Test LL = -865.1564331054688, Mean noise std = 0.1362699270248413
...................................................................................................[saving model][visualizing].xxxxxxxxxx
Iteration 4000: LL = -896.9979248046875, Test LL = -863.369140625, Mean noise std = 0.13627581298351288
....................................................................................................xxxxxxxxxx
Iteration 4100: LL = -829.46337890625, Test LL = -862.054833984375, Mean noise std = 0.13629139959812164
....................................................................................................xxxxxxxxxx
Iteration 4200: LL = -821.8932495117188, Test LL = -861.0167663574218, Mean noise std = 0.13628040254116058
....................................................................................................xxxxxxxxxx
Iteration 4300: LL = -809.690673828125, Test LL = -859.5001770019531, Mean noise std = 0.13628189265727997
....................................................................................................xxxxxxxxxx
Iteration 4400: LL = -777.8611450195312, Test LL = -857.727490234375, Mean noise std = 0.13627775013446808
...................................................................................................[saving model][visualizing].xxxxxxxxxx
Iteration 4500: LL = -846.1512451171875, Test LL = -856.3707153320313, Mean noise std = 0.13626490533351898
....................................................................................................xxxxxxxxxx
Iteration 4600: LL = -871.35205078125, Test LL = -855.3344909667969, Mean noise std = 0.13625402748584747
....................................................................................................xxxxxxxxxx
Iteration 4700: LL = -791.6685180664062, Test LL = -854.3105773925781, Mean noise std = 0.1362391710281372
....................................................................................................xxxxxxxxxx
Iteration 4800: LL = -792.8975830078125, Test LL = -853.435888671875, Mean noise std = 0.13622669875621796
....................................................................................................xxxxxxxxxx
Iteration 4900: LL = -706.87744140625, Test LL = -852.7152954101563, Mean noise std = 0.13622194528579712
...................................................................................................[saving model][visualizing].xxxxxxxxxx
Iteration 5000: LL = -755.45068359375, Test LL = -851.7683898925782, Mean noise std = 0.13620223104953766
....................................................................................................xxxxxxxxxx
Iteration 5100: LL = -771.647705078125, Test LL = -850.9855529785157, Mean noise std = 0.136191263794899
....................................................................................................xxxxxxxxxx
Iteration 5200: LL = -824.580078125, Test LL = -850.1199890136719, Mean noise std = 0.13617810606956482
....................................................................................................xxxxxxxxxx
Iteration 5300: LL = -904.77294921875, Test LL = -849.35732421875, Mean noise std = 0.13616928458213806
....................................................................................................xxxxxxxxxx
Iteration 5400: LL = -742.6021728515625, Test LL = -848.6001831054688, Mean noise std = 0.13616196811199188
...................................................................................................[saving model][visualizing].xxxxxxxxxx
Iteration 5500: LL = -686.7425537109375, Test LL = -848.1526245117187, Mean noise std = 0.13617292046546936
....................................................................................................xxxxxxxxxx
Iteration 5600: LL = -792.6904296875, Test LL = -847.7937316894531, Mean noise std = 0.13616709411144257
....................................................................................................xxxxxxxxxx
Iteration 5700: LL = -792.19384765625, Test LL = -847.1536376953125, Mean noise std = 0.1361628621816635
....................................................................................................xxxxxxxxxx
Iteration 5800: LL = -743.6041259765625, Test LL = -846.3896423339844, Mean noise std = 0.13616178929805756
....................................................................................................xxxxxxxxxx
Iteration 5900: LL = -775.9346313476562, Test LL = -846.2205322265625, Mean noise std = 0.1361485719680786
...................................................................................................[saving model][visualizing].xxxxxxxxxx
Iteration 6000: LL = -822.228515625, Test LL = -845.6082763671875, Mean noise std = 0.13614985346794128
....................................................................................................xxxxxxxxxx
Iteration 6100: LL = -721.9934692382812, Test LL = -845.0658935546875, Mean noise std = 0.13613593578338623
....................................................................................................xxxxxxxxxx
Iteration 6200: LL = -770.1447143554688, Test LL = -845.216162109375, Mean noise std = 0.13613811135292053
....................................................................................................xxxxxxxxxx
Iteration 6300: LL = -699.7181396484375, Test LL = -844.4091247558594, Mean noise std = 0.13616614043712616
....................................................................................................xxxxxxxxxx
Iteration 6400: LL = -799.444580078125, Test LL = -844.3162841796875, Mean noise std = 0.13615785539150238
...................................................................................................[saving model][visualizing].xxxxxxxxxx
Iteration 6500: LL = -913.210693359375, Test LL = -844.4218017578125, Mean noise std = 0.13615402579307556
....................................................................................................xxxxxxxxxx
Iteration 6600: LL = -747.9866943359375, Test LL = -844.4576904296875, Mean noise std = 0.13614293932914734
....................................................................................................xxxxxxxxxx
Iteration 6700: LL = -887.1414794921875, Test LL = -843.6956604003906, Mean noise std = 0.1361483633518219
....................................................................................................xxxxxxxxxx
Iteration 6800: LL = -777.432373046875, Test LL = -843.1967407226563, Mean noise std = 0.13613668084144592
....................................................................................................xxxxxxxxxx
Iteration 6900: LL = -1001.8134155273438, Test LL = -842.7634521484375, Mean noise std = 0.1361469030380249
...................................................................................................[saving model][visualizing].xxxxxxxxxx
Iteration 7000: LL = -826.1788330078125, Test LL = -842.4895385742187, Mean noise std = 0.1361430436372757
....................................................................................................xxxxxxxxxx
Iteration 7100: LL = -760.087646484375, Test LL = -842.1908752441407, Mean noise std = 0.13614581525325775
....................................................................................................xxxxxxxxxx
Iteration 7200: LL = -832.151611328125, Test LL = -841.5626831054688, Mean noise std = 0.1361592561006546
....................................................................................................xxxxxxxxxx
Iteration 7300: LL = -690.3228759765625, Test LL = -841.6375244140625, Mean noise std = 0.13616985082626343
....................................................................................................xxxxxxxxxx
Iteration 7400: LL = -794.9390258789062, Test LL = -841.7148132324219, Mean noise std = 0.13616180419921875
...................................................................................................[saving model][visualizing].xxxxxxxxxx
Iteration 7500: LL = -688.9916381835938, Test LL = -841.4295043945312, Mean noise std = 0.13614799082279205
....................................................................................................xxxxxxxxxx
Iteration 7600: LL = -840.1934814453125, Test LL = -841.1768188476562, Mean noise std = 0.1361376941204071
....................................................................................................xxxxxxxxxx
Iteration 7700: LL = -741.1953125, Test LL = -840.8629089355469, Mean noise std = 0.13613873720169067
....................................................................................................xxxxxxxxxx
Iteration 7800: LL = -701.1333618164062, Test LL = -840.3476684570312, Mean noise std = 0.13614194095134735
....................................................................................................xxxxxxxxxx
Iteration 7900: LL = -895.7855224609375, Test LL = -839.9056579589844, Mean noise std = 0.13612839579582214
...................................................................................................[saving model][visualizing].xxxxxxxxxx
Iteration 8000: LL = -810.252197265625, Test LL = -839.8416931152344, Mean noise std = 0.13613459467887878
....................................................................................................xxxxxxxxxx
Iteration 8100: LL = -789.5250854492188, Test LL = -839.9229553222656, Mean noise std = 0.1361285150051117
....................................................................................................xxxxxxxxxx
Iteration 8200: LL = -679.4058837890625, Test LL = -839.5390380859375, Mean noise std = 0.13612480461597443
....................................................................................................xxxxxxxxxx
Iteration 8300: LL = -748.2398681640625, Test LL = -839.2146240234375, Mean noise std = 0.1361239105463028
....................................................................................................xxxxxxxxxx
Iteration 8400: LL = -830.8695068359375, Test LL = -839.2114501953125, Mean noise std = 0.1361347734928131
...................................................................................................[saving model][visualizing].xxxxxxxxxx
Iteration 8500: LL = -775.346923828125, Test LL = -839.1830871582031, Mean noise std = 0.13613170385360718
....................................................................................................xxxxxxxxxx
Iteration 8600: LL = -756.7037353515625, Test LL = -839.2690795898437, Mean noise std = 0.1361466646194458
....................................................................................................xxxxxxxxxx
Iteration 8700: LL = -878.932373046875, Test LL = -838.6991088867187, Mean noise std = 0.13615278899669647
....................................................................................................xxxxxxxxxx
Iteration 8800: LL = -810.3032836914062, Test LL = -838.6982177734375, Mean noise std = 0.1361670047044754
....................................................................................................xxxxxxxxxx
Iteration 8900: LL = -866.4900512695312, Test LL = -838.4103942871094, Mean noise std = 0.13617590069770813
...................................................................................................[saving model][visualizing].xxxxxxxxxx
Iteration 9000: LL = -715.5554809570312, Test LL = -838.0057800292968, Mean noise std = 0.1361885815858841
....................................................................................................xxxxxxxxxx
Iteration 9100: LL = -935.1971435546875, Test LL = -838.2921936035157, Mean noise std = 0.1362009048461914
....................................................................................................xxxxxxxxxx
Iteration 9200: LL = -801.1373291015625, Test LL = -838.2616821289063, Mean noise std = 0.13621018826961517
....................................................................................................xxxxxxxxxx
Iteration 9300: LL = -713.679443359375, Test LL = -838.2728271484375, Mean noise std = 0.1362195909023285
....................................................................................................xxxxxxxxxx
Iteration 9400: LL = -799.49853515625, Test LL = -838.0354248046875, Mean noise std = 0.13622641563415527
...................................................................................................[saving model][visualizing].xxxxxxxxxx
Iteration 9500: LL = -709.7127685546875, Test LL = -838.2017272949219, Mean noise std = 0.1362113356590271
....................................................................................................xxxxxxxxxx
Iteration 9600: LL = -826.2068481445312, Test LL = -837.7537963867187, Mean noise std = 0.13621054589748383
....................................................................................................xxxxxxxxxx
Iteration 9700: LL = -871.4033813476562, Test LL = -837.4156982421875, Mean noise std = 0.1362249255180359
....................................................................................................xxxxxxxxxx
Iteration 9800: LL = -756.2904663085938, Test LL = -837.4539001464843, Mean noise std = 0.13625915348529816
....................................................................................................xxxxxxxxxx
Iteration 9900: LL = -821.9052124023438, Test LL = -836.748046875, Mean noise std = 0.13628238439559937
..................................................................................................[saving model][visualizing].MFA Training ended.
Done
