Starting image batch provider for ../../Datasets/CelebA/img_align_celeba - 23416/5854 (train/test) images.
@Running MFA Teaining. Output folder is ./concatenated_results_32/celeba_mfa_10c_10l
Initial guess...
type =  <class 'int'>
Collecting an initial sample of 10000 samples...
Performing k-means clustering to 10 components of 10000 samples in dimension 1048/8389 ...
K-means took: 18.29953694343567 sec
Estimating Factor Analyzer parameters for each cluster
..........
Starting Mixture of Factor Analyzers ML SGD Training (10000 iterations)...
[saving model][visualizing].xxxxxxxxxx
Iteration 0: LL = -1312.8389892578125, Test LL = -1224.8631713867187, Mean noise std = 0.13588029146194458
....................................................................................................xxxxxxxxxx
Iteration 100: LL = -1255.7301025390625, Test LL = -1192.5478515625, Mean noise std = 0.13604485988616943
....................................................................................................xxxxxxxxxx
Iteration 200: LL = -1262.257568359375, Test LL = -1163.383544921875, Mean noise std = 0.13623805344104767
....................................................................................................xxxxxxxxxx
Iteration 300: LL = -1053.3199462890625, Test LL = -1137.240966796875, Mean noise std = 0.1364053338766098
....................................................................................................xxxxxxxxxx
Iteration 400: LL = -1118.9267578125, Test LL = -1115.6986083984375, Mean noise std = 0.13657966256141663
...................................................................................................[saving model][visualizing].xxxxxxxxxx
Iteration 500: LL = -1007.982177734375, Test LL = -1098.6155700683594, Mean noise std = 0.13672474026679993
....................................................................................................xxxxxxxxxx
Iteration 600: LL = -1019.754150390625, Test LL = -1084.3605346679688, Mean noise std = 0.1368589699268341
....................................................................................................xxxxxxxxxx
Iteration 700: LL = -1082.0101318359375, Test LL = -1072.0655883789063, Mean noise std = 0.13697902858257294
....................................................................................................xxxxxxxxxx
Iteration 800: LL = -1095.36181640625, Test LL = -1061.961865234375, Mean noise std = 0.1370891034603119
....................................................................................................xxxxxxxxxx
Iteration 900: LL = -1068.799560546875, Test LL = -1052.3727111816406, Mean noise std = 0.13716037571430206
...................................................................................................[saving model][visualizing].xxxxxxxxxx
Iteration 1000: LL = -1033.5357666015625, Test LL = -1043.7501953125, Mean noise std = 0.13722878694534302
....................................................................................................xxxxxxxxxx
Iteration 1100: LL = -923.6845703125, Test LL = -1036.0653381347656, Mean noise std = 0.13730205595493317
....................................................................................................xxxxxxxxxx
Iteration 1200: LL = -1015.45703125, Test LL = -1029.1400451660156, Mean noise std = 0.13733772933483124
....................................................................................................xxxxxxxxxx
Iteration 1300: LL = -1134.199951171875, Test LL = -1022.8158935546875, Mean noise std = 0.13735900819301605
....................................................................................................xxxxxxxxxx
Iteration 1400: LL = -940.43212890625, Test LL = -1017.2138366699219, Mean noise std = 0.13737481832504272
...................................................................................................[saving model][visualizing].xxxxxxxxxx
Iteration 1500: LL = -964.4948120117188, Test LL = -1012.4500183105469, Mean noise std = 0.13739557564258575
....................................................................................................xxxxxxxxxx
Iteration 1600: LL = -1143.8431396484375, Test LL = -1007.9641540527343, Mean noise std = 0.13741569221019745
....................................................................................................xxxxxxxxxx
Iteration 1700: LL = -977.5400390625, Test LL = -1003.7373840332032, Mean noise std = 0.137424498796463
....................................................................................................xxxxxxxxxx
Iteration 1800: LL = -966.1835327148438, Test LL = -999.9260803222656, Mean noise std = 0.13742098212242126
....................................................................................................xxxxxxxxxx
Iteration 1900: LL = -885.8062744140625, Test LL = -996.434521484375, Mean noise std = 0.13745413720607758
...................................................................................................[saving model][visualizing].xxxxxxxxxx
Iteration 2000: LL = -908.4722290039062, Test LL = -993.121728515625, Mean noise std = 0.13744904100894928
....................................................................................................xxxxxxxxxx
Iteration 2100: LL = -978.6878662109375, Test LL = -990.2836120605468, Mean noise std = 0.13745594024658203
....................................................................................................xxxxxxxxxx
Iteration 2200: LL = -888.3124389648438, Test LL = -987.3280456542968, Mean noise std = 0.13746413588523865
....................................................................................................xxxxxxxxxx
Iteration 2300: LL = -899.8538818359375, Test LL = -985.177490234375, Mean noise std = 0.1374497413635254
....................................................................................................xxxxxxxxxx
Iteration 2400: LL = -974.52392578125, Test LL = -982.3562438964843, Mean noise std = 0.13742925226688385
...................................................................................................[saving model][visualizing].xxxxxxxxxx
Iteration 2500: LL = -870.0076904296875, Test LL = -980.5514831542969, Mean noise std = 0.13741225004196167
....................................................................................................xxxxxxxxxx
Iteration 2600: LL = -946.437744140625, Test LL = -978.5862182617187, Mean noise std = 0.1373908817768097
....................................................................................................xxxxxxxxxx
Iteration 2700: LL = -919.5325927734375, Test LL = -976.4297485351562, Mean noise std = 0.13739077746868134
....................................................................................................xxxxxxxxxx
Iteration 2800: LL = -1027.2764892578125, Test LL = -974.8825134277344, Mean noise std = 0.13739149272441864
....................................................................................................xxxxxxxxxx
Iteration 2900: LL = -974.7083740234375, Test LL = -972.9614929199219, Mean noise std = 0.13740777969360352
...................................................................................................[saving model][visualizing].xxxxxxxxxx
Iteration 3000: LL = -822.9969482421875, Test LL = -971.0388427734375, Mean noise std = 0.13741309940814972
....................................................................................................xxxxxxxxxx
Iteration 3100: LL = -871.8192138671875, Test LL = -969.4396850585938, Mean noise std = 0.1374051868915558
....................................................................................................xxxxxxxxxx
Iteration 3200: LL = -892.6983032226562, Test LL = -967.6018981933594, Mean noise std = 0.13743531703948975
....................................................................................................xxxxxxxxxx
Iteration 3300: LL = -907.84765625, Test LL = -965.7820861816406, Mean noise std = 0.13742221891880035
....................................................................................................xxxxxxxxxx
Iteration 3400: LL = -967.9801635742188, Test LL = -963.5625549316406, Mean noise std = 0.13743115961551666
...................................................................................................[saving model][visualizing].xxxxxxxxxx
Iteration 3500: LL = -867.9180297851562, Test LL = -961.5309143066406, Mean noise std = 0.13743717968463898
....................................................................................................xxxxxxxxxx
Iteration 3600: LL = -871.8803100585938, Test LL = -959.9105102539063, Mean noise std = 0.13743376731872559
....................................................................................................xxxxxxxxxx
Iteration 3700: LL = -828.6810302734375, Test LL = -958.6064575195312, Mean noise std = 0.1374412328004837
....................................................................................................xxxxxxxxxx
Iteration 3800: LL = -952.5172119140625, Test LL = -957.4481262207031, Mean noise std = 0.1374412328004837
....................................................................................................xxxxxxxxxx
Iteration 3900: LL = -911.2559814453125, Test LL = -956.15986328125, Mean noise std = 0.13744446635246277
...................................................................................................[saving model][visualizing].xxxxxxxxxx
Iteration 4000: LL = -898.8861083984375, Test LL = -954.6972717285156, Mean noise std = 0.13745860755443573
....................................................................................................xxxxxxxxxx
Iteration 4100: LL = -872.3510131835938, Test LL = -953.4511474609375, Mean noise std = 0.13744550943374634
....................................................................................................xxxxxxxxxx
Iteration 4200: LL = -1020.0712890625, Test LL = -952.9134826660156, Mean noise std = 0.1374436914920807
....................................................................................................xxxxxxxxxx
Iteration 4300: LL = -944.83251953125, Test LL = -951.7918823242187, Mean noise std = 0.13750943541526794
....................................................................................................xxxxxxxxxx
Iteration 4400: LL = -951.31005859375, Test LL = -951.1119079589844, Mean noise std = 0.137516587972641
...................................................................................................[saving model][visualizing].xxxxxxxxxx
Iteration 4500: LL = -977.4119262695312, Test LL = -950.3584411621093, Mean noise std = 0.13752210140228271
....................................................................................................xxxxxxxxxx
Iteration 4600: LL = -1003.9640502929688, Test LL = -949.3353820800781, Mean noise std = 0.13755635917186737
....................................................................................................xxxxxxxxxx
Iteration 4700: LL = -974.6546630859375, Test LL = -948.6461181640625, Mean noise std = 0.1375661939382553
....................................................................................................xxxxxxxxxx
Iteration 4800: LL = -879.22607421875, Test LL = -948.3384033203125, Mean noise std = 0.1375684142112732
....................................................................................................xxxxxxxxxx
Iteration 4900: LL = -924.916015625, Test LL = -947.6814819335938, Mean noise std = 0.1375809609889984
...................................................................................................[saving model][visualizing].xxxxxxxxxx
Iteration 5000: LL = -957.3154296875, Test LL = -947.0782043457032, Mean noise std = 0.13761074841022491
....................................................................................................xxxxxxxxxx
Iteration 5100: LL = -933.4588623046875, Test LL = -946.3522888183594, Mean noise std = 0.13762399554252625
....................................................................................................xxxxxxxxxx
Iteration 5200: LL = -821.6556396484375, Test LL = -946.3323608398438, Mean noise std = 0.13764527440071106
....................................................................................................xxxxxxxxxx
Iteration 5300: LL = -848.253173828125, Test LL = -945.6125854492187, Mean noise std = 0.1376558095216751
....................................................................................................xxxxxxxxxx
Iteration 5400: LL = -963.9539184570312, Test LL = -945.3954406738281, Mean noise std = 0.1376420259475708
...................................................................................................[saving model][visualizing].xxxxxxxxxx
Iteration 5500: LL = -942.2848510742188, Test LL = -945.042822265625, Mean noise std = 0.13762648403644562
....................................................................................................xxxxxxxxxx
Iteration 5600: LL = -844.1578369140625, Test LL = -944.6015258789063, Mean noise std = 0.13762642443180084
....................................................................................................xxxxxxxxxx
Iteration 5700: LL = -847.23828125, Test LL = -944.4598815917968, Mean noise std = 0.1376393884420395
....................................................................................................xxxxxxxxxx
Iteration 5800: LL = -996.005126953125, Test LL = -944.4426208496094, Mean noise std = 0.1376398503780365
....................................................................................................xxxxxxxxxx
Iteration 5900: LL = -932.736083984375, Test LL = -943.5612976074219, Mean noise std = 0.13765548169612885
...................................................................................................[saving model][visualizing].xxxxxxxxxx
Iteration 6000: LL = -945.9263916015625, Test LL = -943.3832702636719, Mean noise std = 0.13767307996749878
....................................................................................................xxxxxxxxxx
Iteration 6100: LL = -924.8003540039062, Test LL = -942.365478515625, Mean noise std = 0.137690931558609
....................................................................................................xxxxxxxxxx
Iteration 6200: LL = -916.462158203125, Test LL = -942.0580932617188, Mean noise std = 0.13770662248134613
....................................................................................................xxxxxxxxxx
Iteration 6300: LL = -777.1065063476562, Test LL = -941.8770385742188, Mean noise std = 0.13769905269145966
....................................................................................................xxxxxxxxxx
Iteration 6400: LL = -1048.5770263671875, Test LL = -941.7570495605469, Mean noise std = 0.13771192729473114
...................................................................................................[saving model][visualizing].xxxxxxxxxx
Iteration 6500: LL = -950.5790405273438, Test LL = -941.3800354003906, Mean noise std = 0.13772352039813995
....................................................................................................xxxxxxxxxx
Iteration 6600: LL = -875.1282958984375, Test LL = -941.2686401367188, Mean noise std = 0.13775107264518738
....................................................................................................xxxxxxxxxx
Iteration 6700: LL = -874.466552734375, Test LL = -941.2238952636719, Mean noise std = 0.13775821030139923
....................................................................................................xxxxxxxxxx
Iteration 6800: LL = -863.3546142578125, Test LL = -940.6955688476562, Mean noise std = 0.1378028839826584
....................................................................................................xxxxxxxxxx
Iteration 6900: LL = -872.88671875, Test LL = -940.5131103515625, Mean noise std = 0.13782228529453278
...................................................................................................[saving model][visualizing].xxxxxxxxxx
Iteration 7000: LL = -860.2893676757812, Test LL = -940.0641479492188, Mean noise std = 0.13784310221672058
....................................................................................................xxxxxxxxxx
Iteration 7100: LL = -960.0216064453125, Test LL = -940.1919006347656, Mean noise std = 0.13784535229206085
....................................................................................................xxxxxxxxxx
Iteration 7200: LL = -839.2521362304688, Test LL = -939.9551086425781, Mean noise std = 0.1378529965877533
....................................................................................................xxxxxxxxxx
Iteration 7300: LL = -923.607666015625, Test LL = -939.6119445800781, Mean noise std = 0.13789501786231995
....................................................................................................xxxxxxxxxx
Iteration 7400: LL = -818.4183349609375, Test LL = -939.5021606445313, Mean noise std = 0.13791662454605103
...................................................................................................[saving model][visualizing].xxxxxxxxxx
Iteration 7500: LL = -924.3246459960938, Test LL = -939.4439270019532, Mean noise std = 0.1379360556602478
....................................................................................................xxxxxxxxxx
Iteration 7600: LL = -914.408935546875, Test LL = -939.2960693359375, Mean noise std = 0.1379733383655548
....................................................................................................xxxxxxxxxx
Iteration 7700: LL = -859.301025390625, Test LL = -938.9056823730468, Mean noise std = 0.13800175487995148
....................................................................................................xxxxxxxxxx
Iteration 7800: LL = -803.6141967773438, Test LL = -938.0129150390625, Mean noise std = 0.1380036175251007
....................................................................................................xxxxxxxxxx
Iteration 7900: LL = -877.8250732421875, Test LL = -937.8923034667969, Mean noise std = 0.13800616562366486
...................................................................................................[saving model][visualizing].xxxxxxxxxx
Iteration 8000: LL = -866.6466064453125, Test LL = -937.6913208007812, Mean noise std = 0.13800238072872162
....................................................................................................xxxxxxxxxx
Iteration 8100: LL = -968.9051513671875, Test LL = -937.3367492675782, Mean noise std = 0.13801082968711853
....................................................................................................xxxxxxxxxx
Iteration 8200: LL = -871.3952026367188, Test LL = -937.4581909179688, Mean noise std = 0.13801448047161102
....................................................................................................xxxxxxxxxx
Iteration 8300: LL = -800.5673217773438, Test LL = -936.5806823730469, Mean noise std = 0.13802509009838104
....................................................................................................xxxxxxxxxx
Iteration 8400: LL = -1018.385498046875, Test LL = -936.3984191894531, Mean noise std = 0.13804474472999573
...................................................................................................[saving model][visualizing].xxxxxxxxxx
Iteration 8500: LL = -958.6754150390625, Test LL = -936.6691284179688, Mean noise std = 0.13806864619255066
....................................................................................................xxxxxxxxxx
Iteration 8600: LL = -910.7247314453125, Test LL = -936.1009033203125, Mean noise std = 0.13805769383907318
....................................................................................................xxxxxxxxxx
Iteration 8700: LL = -895.5786743164062, Test LL = -935.6666259765625, Mean noise std = 0.138072207570076
....................................................................................................xxxxxxxxxx
Iteration 8800: LL = -853.2686767578125, Test LL = -935.4118957519531, Mean noise std = 0.138089120388031
....................................................................................................xxxxxxxxxx
Iteration 8900: LL = -902.0943603515625, Test LL = -934.969287109375, Mean noise std = 0.13808558881282806
...................................................................................................[saving model][visualizing].xxxxxxxxxx
Iteration 9000: LL = -942.0960083007812, Test LL = -934.4716796875, Mean noise std = 0.13811014592647552
....................................................................................................xxxxxxxxxx
Iteration 9100: LL = -841.97412109375, Test LL = -934.0797912597657, Mean noise std = 0.1381479650735855
....................................................................................................xxxxxxxxxx
Iteration 9200: LL = -911.5972900390625, Test LL = -933.867431640625, Mean noise std = 0.13814474642276764
....................................................................................................xxxxxxxxxx
Iteration 9300: LL = -926.041748046875, Test LL = -933.5496398925782, Mean noise std = 0.13815361261367798
....................................................................................................xxxxxxxxxx
Iteration 9400: LL = -946.9906005859375, Test LL = -932.7741333007813, Mean noise std = 0.13816744089126587
...................................................................................................[saving model][visualizing].xxxxxxxxxx
Iteration 9500: LL = -900.132568359375, Test LL = -932.6228942871094, Mean noise std = 0.13821394741535187
....................................................................................................xxxxxxxxxx
Iteration 9600: LL = -1022.2289428710938, Test LL = -931.8130004882812, Mean noise std = 0.13823260366916656
....................................................................................................xxxxxxxxxx
Iteration 9700: LL = -846.4113159179688, Test LL = -931.6387634277344, Mean noise std = 0.13823941349983215
....................................................................................................xxxxxxxxxx
Iteration 9800: LL = -891.0615234375, Test LL = -931.8342163085938, Mean noise std = 0.13824304938316345
....................................................................................................xxxxxxxxxx
Iteration 9900: LL = -792.4224853515625, Test LL = -931.6587158203125, Mean noise std = 0.1382512003183365
..................................................................................................[saving model][visualizing].MFA Training ended.
Done
