Starting image batch provider for ../../Datasets/CelebA/img_align_celeba - 23416/5854 (train/test) images.
@Running MFA Teaining. Output folder is ./concatenated_results_32/celeba_mfa_50c_10l
Initial guess...
type =  <class 'int'>
Collecting an initial sample of 15000 samples...
Performing k-means clustering to 50 components of 15000 samples in dimension 1048/8389 ...
K-means took: 46.822474002838135 sec
Estimating Factor Analyzer parameters for each cluster
..................................................
Starting Mixture of Factor Analyzers ML SGD Training (10000 iterations)...
[saving model][visualizing].xxxxxxxxxx
Iteration 0: LL = -1077.4986572265625, Test LL = -1139.0621948242188, Mean noise std = 0.12585410475730896
....................................................................................................xxxxxxxxxx
Iteration 100: LL = -1162.4564208984375, Test LL = -1121.444921875, Mean noise std = 0.12610961496829987
....................................................................................................xxxxxxxxxx
Iteration 200: LL = -1151.6741943359375, Test LL = -1105.3118041992188, Mean noise std = 0.12640200555324554
....................................................................................................xxxxxxxxxx
Iteration 300: LL = -949.7178955078125, Test LL = -1090.4639770507813, Mean noise std = 0.1266966164112091
....................................................................................................xxxxxxxxxx
Iteration 400: LL = -1092.681396484375, Test LL = -1076.8649047851563, Mean noise std = 0.1269538551568985
...................................................................................................[saving model][visualizing].xxxxxxxxxx
Iteration 500: LL = -947.363525390625, Test LL = -1064.03486328125, Mean noise std = 0.12719905376434326
....................................................................................................xxxxxxxxxx
Iteration 600: LL = -977.6829223632812, Test LL = -1052.1594116210938, Mean noise std = 0.12743669748306274
....................................................................................................xxxxxxxxxx
Iteration 700: LL = -1015.5014038085938, Test LL = -1041.4006652832031, Mean noise std = 0.12766574323177338
....................................................................................................xxxxxxxxxx
Iteration 800: LL = -810.7664794921875, Test LL = -1031.60576171875, Mean noise std = 0.12788040935993195
....................................................................................................xxxxxxxxxx
Iteration 900: LL = -948.12451171875, Test LL = -1021.989013671875, Mean noise std = 0.1280750036239624
...................................................................................................[saving model][visualizing].xxxxxxxxxx
Iteration 1000: LL = -873.9019165039062, Test LL = -1012.8535400390625, Mean noise std = 0.12826572358608246
....................................................................................................xxxxxxxxxx
Iteration 1100: LL = -943.0345458984375, Test LL = -1003.8475341796875, Mean noise std = 0.1284521520137787
....................................................................................................xxxxxxxxxx
Iteration 1200: LL = -906.9063110351562, Test LL = -995.1223022460938, Mean noise std = 0.12862297892570496
....................................................................................................xxxxxxxxxx
Iteration 1300: LL = -857.211669921875, Test LL = -987.1324829101562, Mean noise std = 0.12878528237342834
....................................................................................................xxxxxxxxxx
Iteration 1400: LL = -804.119873046875, Test LL = -978.866357421875, Mean noise std = 0.12894128262996674
...................................................................................................[saving model][visualizing].xxxxxxxxxx
Iteration 1500: LL = -908.5807495117188, Test LL = -972.1095703125, Mean noise std = 0.12908002734184265
....................................................................................................xxxxxxxxxx
Iteration 1600: LL = -806.051513671875, Test LL = -964.8867736816406, Mean noise std = 0.12920722365379333
....................................................................................................xxxxxxxxxx
Iteration 1700: LL = -834.6715698242188, Test LL = -957.8827270507812, Mean noise std = 0.129322350025177
....................................................................................................xxxxxxxxxx
Iteration 1800: LL = -805.6677856445312, Test LL = -951.3571105957031, Mean noise std = 0.12943775951862335
....................................................................................................xxxxxxxxxx
Iteration 1900: LL = -805.5653076171875, Test LL = -945.2553955078125, Mean noise std = 0.12955157458782196
...................................................................................................[saving model][visualizing].xxxxxxxxxx
Iteration 2000: LL = -770.4375, Test LL = -939.36669921875, Mean noise std = 0.12965427339076996
....................................................................................................xxxxxxxxxx
Iteration 2100: LL = -766.1646728515625, Test LL = -933.7131896972656, Mean noise std = 0.1297546774148941
....................................................................................................xxxxxxxxxx
Iteration 2200: LL = -754.4913330078125, Test LL = -929.4722290039062, Mean noise std = 0.12983843684196472
....................................................................................................xxxxxxxxxx
Iteration 2300: LL = -735.3836059570312, Test LL = -924.4983703613282, Mean noise std = 0.12992540001869202
....................................................................................................xxxxxxxxxx
Iteration 2400: LL = -808.721923828125, Test LL = -920.4431396484375, Mean noise std = 0.13000276684761047
...................................................................................................[saving model][visualizing].xxxxxxxxxx
Iteration 2500: LL = -858.8685302734375, Test LL = -916.3040954589844, Mean noise std = 0.13007478415966034
....................................................................................................xxxxxxxxxx
Iteration 2600: LL = -671.4381103515625, Test LL = -912.0812072753906, Mean noise std = 0.13013824820518494
....................................................................................................xxxxxxxxxx
Iteration 2700: LL = -777.7915649414062, Test LL = -908.2461730957032, Mean noise std = 0.1302044540643692
....................................................................................................xxxxxxxxxx
Iteration 2800: LL = -813.9842529296875, Test LL = -904.3615051269531, Mean noise std = 0.13025027513504028
....................................................................................................xxxxxxxxxx
Iteration 2900: LL = -823.9531860351562, Test LL = -900.3946472167969, Mean noise std = 0.13030892610549927
...................................................................................................[saving model][visualizing].xxxxxxxxxx
Iteration 3000: LL = -781.8058471679688, Test LL = -897.2596435546875, Mean noise std = 0.13036346435546875
....................................................................................................xxxxxxxxxx
Iteration 3100: LL = -712.4945068359375, Test LL = -893.3084533691406, Mean noise std = 0.1304289996623993
....................................................................................................xxxxxxxxxx
Iteration 3200: LL = -653.3165283203125, Test LL = -889.5538818359375, Mean noise std = 0.13047389686107635
....................................................................................................xxxxxxxxxx
Iteration 3300: LL = -785.03271484375, Test LL = -886.6726257324219, Mean noise std = 0.13050740957260132
....................................................................................................xxxxxxxxxx
Iteration 3400: LL = -684.6044921875, Test LL = -883.6727905273438, Mean noise std = 0.13052766025066376
...................................................................................................[saving model][visualizing].xxxxxxxxxx
Iteration 3500: LL = -776.7628173828125, Test LL = -880.6839050292969, Mean noise std = 0.1305619478225708
....................................................................................................xxxxxxxxxx
Iteration 3600: LL = -714.15966796875, Test LL = -878.4600158691406, Mean noise std = 0.13057906925678253
....................................................................................................xxxxxxxxxx
Iteration 3700: LL = -673.1573486328125, Test LL = -875.8572692871094, Mean noise std = 0.13058960437774658
....................................................................................................xxxxxxxxxx
Iteration 3800: LL = -802.7429809570312, Test LL = -873.1865295410156, Mean noise std = 0.1305951476097107
....................................................................................................xxxxxxxxxx
Iteration 3900: LL = -626.7945556640625, Test LL = -870.3416931152344, Mean noise std = 0.13061803579330444
...................................................................................................[saving model][visualizing].xxxxxxxxxx
Iteration 4000: LL = -744.8271484375, Test LL = -868.3643920898437, Mean noise std = 0.1306387037038803
....................................................................................................xxxxxxxxxx
Iteration 4100: LL = -847.9803466796875, Test LL = -866.3124816894531, Mean noise std = 0.13066333532333374
....................................................................................................xxxxxxxxxx
Iteration 4200: LL = -588.1193237304688, Test LL = -864.1882446289062, Mean noise std = 0.13066807389259338
....................................................................................................xxxxxxxxxx
Iteration 4300: LL = -714.9227905273438, Test LL = -862.4363830566406, Mean noise std = 0.13066984713077545
....................................................................................................xxxxxxxxxx
Iteration 4400: LL = -692.5465087890625, Test LL = -860.1924499511719, Mean noise std = 0.1306859403848648
...................................................................................................[saving model][visualizing].xxxxxxxxxx
Iteration 4500: LL = -599.4273681640625, Test LL = -857.7762878417968, Mean noise std = 0.13069157302379608
....................................................................................................xxxxxxxxxx
Iteration 4600: LL = -623.6934814453125, Test LL = -855.6982116699219, Mean noise std = 0.1306775063276291
....................................................................................................xxxxxxxxxx
Iteration 4700: LL = -744.8009033203125, Test LL = -853.3634338378906, Mean noise std = 0.13067960739135742
....................................................................................................xxxxxxxxxx
Iteration 4800: LL = -640.3443603515625, Test LL = -851.4946594238281, Mean noise std = 0.13067816197872162
....................................................................................................xxxxxxxxxx
Iteration 4900: LL = -587.6213989257812, Test LL = -849.2769775390625, Mean noise std = 0.1306658685207367
...................................................................................................[saving model][visualizing].xxxxxxxxxx
Iteration 5000: LL = -773.10546875, Test LL = -847.6771057128906, Mean noise std = 0.13065758347511292
....................................................................................................xxxxxxxxxx
Iteration 5100: LL = -705.7344360351562, Test LL = -845.856787109375, Mean noise std = 0.13065646588802338
....................................................................................................xxxxxxxxxx
Iteration 5200: LL = -733.7266235351562, Test LL = -844.5155151367187, Mean noise std = 0.13064759969711304
....................................................................................................xxxxxxxxxx
Iteration 5300: LL = -558.7276611328125, Test LL = -842.4659912109375, Mean noise std = 0.1306266337633133
....................................................................................................xxxxxxxxxx
Iteration 5400: LL = -738.6483764648438, Test LL = -840.66103515625, Mean noise std = 0.13062313199043274
...................................................................................................[saving model][visualizing].xxxxxxxxxx
Iteration 5500: LL = -765.39208984375, Test LL = -839.5901733398438, Mean noise std = 0.13060465455055237
....................................................................................................xxxxxxxxxx
Iteration 5600: LL = -588.5283203125, Test LL = -837.9557006835937, Mean noise std = 0.1305961012840271
....................................................................................................xxxxxxxxxx
Iteration 5700: LL = -719.7103271484375, Test LL = -836.2889221191406, Mean noise std = 0.13057470321655273
....................................................................................................xxxxxxxxxx
Iteration 5800: LL = -631.0120849609375, Test LL = -835.16904296875, Mean noise std = 0.1305655837059021
....................................................................................................xxxxxxxxxx
Iteration 5900: LL = -626.2098388671875, Test LL = -833.7815673828125, Mean noise std = 0.1305602788925171
...................................................................................................[saving model][visualizing].xxxxxxxxxx
Iteration 6000: LL = -598.4791870117188, Test LL = -832.4762023925781, Mean noise std = 0.1305423080921173
....................................................................................................xxxxxxxxxx
Iteration 6100: LL = -732.3448486328125, Test LL = -831.1157958984375, Mean noise std = 0.13051366806030273
....................................................................................................xxxxxxxxxx
Iteration 6200: LL = -676.152099609375, Test LL = -829.9833557128907, Mean noise std = 0.13048486411571503
....................................................................................................xxxxxxxxxx
Iteration 6300: LL = -707.1610107421875, Test LL = -828.9638793945312, Mean noise std = 0.13046999275684357
....................................................................................................xxxxxxxxxx
Iteration 6400: LL = -599.0696411132812, Test LL = -827.5888488769531, Mean noise std = 0.1304558515548706
...................................................................................................[saving model][visualizing].xxxxxxxxxx
Iteration 6500: LL = -667.606689453125, Test LL = -826.8014892578125, Mean noise std = 0.1304369568824768
....................................................................................................xxxxxxxxxx
Iteration 6600: LL = -545.115234375, Test LL = -825.6006591796875, Mean noise std = 0.13041554391384125
....................................................................................................xxxxxxxxxx
Iteration 6700: LL = -471.7882995605469, Test LL = -825.3054382324219, Mean noise std = 0.13038374483585358
....................................................................................................xxxxxxxxxx
Iteration 6800: LL = -723.6466674804688, Test LL = -824.0474792480469, Mean noise std = 0.13036499917507172
....................................................................................................xxxxxxxxxx
Iteration 6900: LL = -575.0325927734375, Test LL = -823.2436218261719, Mean noise std = 0.13033917546272278
...................................................................................................[saving model][visualizing].xxxxxxxxxx
Iteration 7000: LL = -571.4599609375, Test LL = -821.874853515625, Mean noise std = 0.13031044602394104
....................................................................................................xxxxxxxxxx
Iteration 7100: LL = -692.762939453125, Test LL = -820.9825317382813, Mean noise std = 0.1302889734506607
....................................................................................................xxxxxxxxxx
Iteration 7200: LL = -612.9127197265625, Test LL = -820.2966491699219, Mean noise std = 0.13026869297027588
....................................................................................................xxxxxxxxxx
Iteration 7300: LL = -546.4083862304688, Test LL = -819.3040344238282, Mean noise std = 0.1302369087934494
....................................................................................................xxxxxxxxxx
Iteration 7400: LL = -594.6901245117188, Test LL = -818.7339416503906, Mean noise std = 0.13021506369113922
...................................................................................................[saving model][visualizing].xxxxxxxxxx
Iteration 7500: LL = -657.0972900390625, Test LL = -818.0272277832031, Mean noise std = 0.13019974529743195
....................................................................................................xxxxxxxxxx
Iteration 7600: LL = -635.027099609375, Test LL = -816.6456787109375, Mean noise std = 0.13016360998153687
....................................................................................................xxxxxxxxxx
Iteration 7700: LL = -724.7279052734375, Test LL = -815.7026489257812, Mean noise std = 0.13014966249465942
....................................................................................................xxxxxxxxxx
Iteration 7800: LL = -637.00537109375, Test LL = -814.8434509277344, Mean noise std = 0.13013048470020294
....................................................................................................xxxxxxxxxx
Iteration 7900: LL = -491.76702880859375, Test LL = -814.1917846679687, Mean noise std = 0.13011036813259125
...................................................................................................[saving model][visualizing].xxxxxxxxxx
Iteration 8000: LL = -546.5774536132812, Test LL = -813.3358276367187, Mean noise std = 0.13008294999599457
....................................................................................................xxxxxxxxxx
Iteration 8100: LL = -564.2942504882812, Test LL = -812.2216735839844, Mean noise std = 0.1300550252199173
....................................................................................................xxxxxxxxxx
Iteration 8200: LL = -669.7890625, Test LL = -811.4885986328125, Mean noise std = 0.13003674149513245
....................................................................................................xxxxxxxxxx
Iteration 8300: LL = -664.06689453125, Test LL = -810.5721984863281, Mean noise std = 0.13000670075416565
....................................................................................................xxxxxxxxxx
Iteration 8400: LL = -647.7957153320312, Test LL = -810.3201049804687, Mean noise std = 0.12998545169830322
...................................................................................................[saving model][visualizing].xxxxxxxxxx
Iteration 8500: LL = -619.2305297851562, Test LL = -809.8152465820312, Mean noise std = 0.12996147572994232
....................................................................................................xxxxxxxxxx
Iteration 8600: LL = -536.5047607421875, Test LL = -808.7011169433594, Mean noise std = 0.1299307644367218
....................................................................................................xxxxxxxxxx
Iteration 8700: LL = -692.7146606445312, Test LL = -807.8565612792969, Mean noise std = 0.12991730868816376
....................................................................................................xxxxxxxxxx
Iteration 8800: LL = -611.0494384765625, Test LL = -806.6841369628906, Mean noise std = 0.12989990413188934
....................................................................................................xxxxxxxxxx
Iteration 8900: LL = -603.3224487304688, Test LL = -806.0916809082031, Mean noise std = 0.12986716628074646
...................................................................................................[saving model][visualizing].xxxxxxxxxx
Iteration 9000: LL = -635.0752563476562, Test LL = -805.9893676757813, Mean noise std = 0.12983232736587524
....................................................................................................xxxxxxxxxx
Iteration 9100: LL = -592.8350830078125, Test LL = -804.9197326660156, Mean noise std = 0.12980128824710846
....................................................................................................xxxxxxxxxx
Iteration 9200: LL = -519.855712890625, Test LL = -804.0940124511719, Mean noise std = 0.12977470457553864
....................................................................................................xxxxxxxxxx
Iteration 9300: LL = -696.6600341796875, Test LL = -803.6061157226562, Mean noise std = 0.12973786890506744
....................................................................................................xxxxxxxxxx
Iteration 9400: LL = -557.35546875, Test LL = -803.4600402832032, Mean noise std = 0.12972502410411835
...................................................................................................[saving model][visualizing].xxxxxxxxxx
Iteration 9500: LL = -654.7897338867188, Test LL = -802.8005676269531, Mean noise std = 0.12969601154327393
....................................................................................................xxxxxxxxxx
Iteration 9600: LL = -592.356689453125, Test LL = -802.61767578125, Mean noise std = 0.12967592477798462
....................................................................................................xxxxxxxxxx
Iteration 9700: LL = -616.9852294921875, Test LL = -802.2841796875, Mean noise std = 0.12965154647827148
....................................................................................................xxxxxxxxxx
Iteration 9800: LL = -580.5772094726562, Test LL = -801.63515625, Mean noise std = 0.1296277642250061
....................................................................................................xxxxxxxxxx
Iteration 9900: LL = -585.7738037109375, Test LL = -801.2942260742187, Mean noise std = 0.12960776686668396
..................................................................................................[saving model][visualizing].MFA Training ended.
Done
